<?xml version="1.0" encoding="UTF-8"?>
<testsuite xmlns:xsi="http://www.w3.org/2001/XMLSchema-instance" xsi:noNamespaceSchemaLocation="https://maven.apache.org/surefire/maven-surefire-plugin/xsd/surefire-test-report.xsd" name="resources.TestParallel" time="3.562" tests="1" errors="0" skipped="0" failures="1">
  <properties>
    <property name="java.specification.version" value="17"/>
    <property name="sun.jnu.encoding" value="UTF-8"/>
    <property name="java.class.path" value="/Users/markhughrs/Documents/repos/skycell/target/test-classes:/Users/markhughrs/Documents/repos/skycell/target/classes:/Users/markhughrs/.m2/repository/com/intuit/karate/karate-junit5/1.1.0/karate-junit5-1.1.0.jar:/Users/markhughrs/.m2/repository/com/intuit/karate/karate-core/1.1.0/karate-core-1.1.0.jar:/Users/markhughrs/.m2/repository/org/graalvm/js/js-scriptengine/21.2.0/js-scriptengine-21.2.0.jar:/Users/markhughrs/.m2/repository/org/graalvm/sdk/graal-sdk/21.2.0/graal-sdk-21.2.0.jar:/Users/markhughrs/.m2/repository/org/graalvm/js/js/21.2.0/js-21.2.0.jar:/Users/markhughrs/.m2/repository/org/graalvm/regex/regex/21.2.0/regex-21.2.0.jar:/Users/markhughrs/.m2/repository/org/graalvm/truffle/truffle-api/21.2.0/truffle-api-21.2.0.jar:/Users/markhughrs/.m2/repository/com/ibm/icu/icu4j/69.1/icu4j-69.1.jar:/Users/markhughrs/.m2/repository/ch/qos/logback/logback-classic/1.2.3/logback-classic-1.2.3.jar:/Users/markhughrs/.m2/repository/ch/qos/logback/logback-core/1.2.3/logback-core-1.2.3.jar:/Users/markhughrs/.m2/repository/org/slf4j/jcl-over-slf4j/1.7.25/jcl-over-slf4j-1.7.25.jar:/Users/markhughrs/.m2/repository/com/jayway/jsonpath/json-path/2.6.0/json-path-2.6.0.jar:/Users/markhughrs/.m2/repository/net/minidev/json-smart/2.4.7/json-smart-2.4.7.jar:/Users/markhughrs/.m2/repository/net/minidev/accessors-smart/2.4.7/accessors-smart-2.4.7.jar:/Users/markhughrs/.m2/repository/org/ow2/asm/asm/9.1/asm-9.1.jar:/Users/markhughrs/.m2/repository/info/cukes/cucumber-java/1.2.5/cucumber-java-1.2.5.jar:/Users/markhughrs/.m2/repository/info/cukes/cucumber-core/1.2.5/cucumber-core-1.2.5.jar:/Users/markhughrs/.m2/repository/org/yaml/snakeyaml/1.29/snakeyaml-1.29.jar:/Users/markhughrs/.m2/repository/de/siegmar/fastcsv/2.0.0/fastcsv-2.0.0.jar:/Users/markhughrs/.m2/repository/info/picocli/picocli/4.6.1/picocli-4.6.1.jar:/Users/markhughrs/.m2/repository/org/junit/jupiter/junit-jupiter-api/5.7.2/junit-jupiter-api-5.7.2.jar:/Users/markhughrs/.m2/repository/org/apiguardian/apiguardian-api/1.1.0/apiguardian-api-1.1.0.jar:/Users/markhughrs/.m2/repository/org/opentest4j/opentest4j/1.2.0/opentest4j-1.2.0.jar:/Users/markhughrs/.m2/repository/org/junit/platform/junit-platform-commons/1.7.2/junit-platform-commons-1.7.2.jar:/Users/markhughrs/.m2/repository/org/junit/jupiter/junit-jupiter-engine/5.7.2/junit-jupiter-engine-5.7.2.jar:/Users/markhughrs/.m2/repository/org/junit/platform/junit-platform-engine/1.7.2/junit-platform-engine-1.7.2.jar:/Users/markhughrs/.m2/repository/net/masterthought/cucumber-reporting/5.3.0/cucumber-reporting-5.3.0.jar:/Users/markhughrs/.m2/repository/com/fasterxml/jackson/core/jackson-databind/2.10.1/jackson-databind-2.10.1.jar:/Users/markhughrs/.m2/repository/com/fasterxml/jackson/core/jackson-annotations/2.10.1/jackson-annotations-2.10.1.jar:/Users/markhughrs/.m2/repository/com/fasterxml/jackson/core/jackson-core/2.10.1/jackson-core-2.10.1.jar:/Users/markhughrs/.m2/repository/com/fasterxml/jackson/datatype/jackson-datatype-jsr310/2.10.1/jackson-datatype-jsr310-2.10.1.jar:/Users/markhughrs/.m2/repository/org/apache/velocity/velocity-engine-core/2.1/velocity-engine-core-2.1.jar:/Users/markhughrs/.m2/repository/org/slf4j/slf4j-api/1.7.26/slf4j-api-1.7.26.jar:/Users/markhughrs/.m2/repository/commons-collections/commons-collections/3.2.2/commons-collections-3.2.2.jar:/Users/markhughrs/.m2/repository/joda-time/joda-time/2.10.5/joda-time-2.10.5.jar:/Users/markhughrs/.m2/repository/org/apache/commons/commons-lang3/3.9/commons-lang3-3.9.jar:/Users/markhughrs/.m2/repository/commons-io/commons-io/2.6/commons-io-2.6.jar:/Users/markhughrs/.m2/repository/org/codehaus/plexus/plexus-utils/3.3.0/plexus-utils-3.3.0.jar:/Users/markhughrs/.m2/repository/org/jsoup/jsoup/1.12.1/jsoup-1.12.1.jar:/Users/markhughrs/.m2/repository/com/googlecode/owasp-java-html-sanitizer/owasp-java-html-sanitizer/20191001.1/owasp-java-html-sanitizer-20191001.1.jar:/Users/markhughrs/.m2/repository/com/google/guava/guava/27.1-jre/guava-27.1-jre.jar:/Users/markhughrs/.m2/repository/com/google/guava/failureaccess/1.0.1/failureaccess-1.0.1.jar:/Users/markhughrs/.m2/repository/com/google/guava/listenablefuture/9999.0-empty-to-avoid-conflict-with-guava/listenablefuture-9999.0-empty-to-avoid-conflict-with-guava.jar:/Users/markhughrs/.m2/repository/com/google/code/findbugs/jsr305/3.0.2/jsr305-3.0.2.jar:/Users/markhughrs/.m2/repository/org/checkerframework/checker-qual/2.5.2/checker-qual-2.5.2.jar:/Users/markhughrs/.m2/repository/com/google/errorprone/error_prone_annotations/2.2.0/error_prone_annotations-2.2.0.jar:/Users/markhughrs/.m2/repository/com/google/j2objc/j2objc-annotations/1.1/j2objc-annotations-1.1.jar:/Users/markhughrs/.m2/repository/org/codehaus/mojo/animal-sniffer-annotations/1.17/animal-sniffer-annotations-1.17.jar:/Users/markhughrs/.m2/repository/commons-configuration/commons-configuration/1.10/commons-configuration-1.10.jar:/Users/markhughrs/.m2/repository/commons-lang/commons-lang/2.6/commons-lang-2.6.jar:/Users/markhughrs/.m2/repository/commons-logging/commons-logging/1.1.1/commons-logging-1.1.1.jar:"/>
    <property name="java.vm.vendor" value="Azul Systems, Inc."/>
    <property name="sun.arch.data.model" value="64"/>
    <property name="java.vendor.url" value="http://www.azul.com/"/>
    <property name="os.name" value="Mac OS X"/>
    <property name="java.vm.specification.version" value="17"/>
    <property name="sun.java.launcher" value="SUN_STANDARD"/>
    <property name="user.country" value="IE"/>
    <property name="sun.boot.library.path" value="/Library/Java/JavaVirtualMachines/zulu-17.jdk/Contents/Home/lib"/>
    <property name="sun.java.command" value="/Users/markhughrs/Documents/repos/skycell/target/surefire/surefirebooter5815373929502957658.jar /Users/markhughrs/Documents/repos/skycell/target/surefire 2023-12-05T15-06-09_137-jvmRun1 surefire7836115970744765766tmp surefire_06361148569519667572tmp"/>
    <property name="http.nonProxyHosts" value="local|*.local|169.254/16|*.169.254/16"/>
    <property name="jdk.debug" value="release"/>
    <property name="surefire.test.class.path" value="/Users/markhughrs/Documents/repos/skycell/target/test-classes:/Users/markhughrs/Documents/repos/skycell/target/classes:/Users/markhughrs/.m2/repository/com/intuit/karate/karate-junit5/1.1.0/karate-junit5-1.1.0.jar:/Users/markhughrs/.m2/repository/com/intuit/karate/karate-core/1.1.0/karate-core-1.1.0.jar:/Users/markhughrs/.m2/repository/org/graalvm/js/js-scriptengine/21.2.0/js-scriptengine-21.2.0.jar:/Users/markhughrs/.m2/repository/org/graalvm/sdk/graal-sdk/21.2.0/graal-sdk-21.2.0.jar:/Users/markhughrs/.m2/repository/org/graalvm/js/js/21.2.0/js-21.2.0.jar:/Users/markhughrs/.m2/repository/org/graalvm/regex/regex/21.2.0/regex-21.2.0.jar:/Users/markhughrs/.m2/repository/org/graalvm/truffle/truffle-api/21.2.0/truffle-api-21.2.0.jar:/Users/markhughrs/.m2/repository/com/ibm/icu/icu4j/69.1/icu4j-69.1.jar:/Users/markhughrs/.m2/repository/ch/qos/logback/logback-classic/1.2.3/logback-classic-1.2.3.jar:/Users/markhughrs/.m2/repository/ch/qos/logback/logback-core/1.2.3/logback-core-1.2.3.jar:/Users/markhughrs/.m2/repository/org/slf4j/jcl-over-slf4j/1.7.25/jcl-over-slf4j-1.7.25.jar:/Users/markhughrs/.m2/repository/com/jayway/jsonpath/json-path/2.6.0/json-path-2.6.0.jar:/Users/markhughrs/.m2/repository/net/minidev/json-smart/2.4.7/json-smart-2.4.7.jar:/Users/markhughrs/.m2/repository/net/minidev/accessors-smart/2.4.7/accessors-smart-2.4.7.jar:/Users/markhughrs/.m2/repository/org/ow2/asm/asm/9.1/asm-9.1.jar:/Users/markhughrs/.m2/repository/info/cukes/cucumber-java/1.2.5/cucumber-java-1.2.5.jar:/Users/markhughrs/.m2/repository/info/cukes/cucumber-core/1.2.5/cucumber-core-1.2.5.jar:/Users/markhughrs/.m2/repository/org/yaml/snakeyaml/1.29/snakeyaml-1.29.jar:/Users/markhughrs/.m2/repository/de/siegmar/fastcsv/2.0.0/fastcsv-2.0.0.jar:/Users/markhughrs/.m2/repository/info/picocli/picocli/4.6.1/picocli-4.6.1.jar:/Users/markhughrs/.m2/repository/org/junit/jupiter/junit-jupiter-api/5.7.2/junit-jupiter-api-5.7.2.jar:/Users/markhughrs/.m2/repository/org/apiguardian/apiguardian-api/1.1.0/apiguardian-api-1.1.0.jar:/Users/markhughrs/.m2/repository/org/opentest4j/opentest4j/1.2.0/opentest4j-1.2.0.jar:/Users/markhughrs/.m2/repository/org/junit/platform/junit-platform-commons/1.7.2/junit-platform-commons-1.7.2.jar:/Users/markhughrs/.m2/repository/org/junit/jupiter/junit-jupiter-engine/5.7.2/junit-jupiter-engine-5.7.2.jar:/Users/markhughrs/.m2/repository/org/junit/platform/junit-platform-engine/1.7.2/junit-platform-engine-1.7.2.jar:/Users/markhughrs/.m2/repository/net/masterthought/cucumber-reporting/5.3.0/cucumber-reporting-5.3.0.jar:/Users/markhughrs/.m2/repository/com/fasterxml/jackson/core/jackson-databind/2.10.1/jackson-databind-2.10.1.jar:/Users/markhughrs/.m2/repository/com/fasterxml/jackson/core/jackson-annotations/2.10.1/jackson-annotations-2.10.1.jar:/Users/markhughrs/.m2/repository/com/fasterxml/jackson/core/jackson-core/2.10.1/jackson-core-2.10.1.jar:/Users/markhughrs/.m2/repository/com/fasterxml/jackson/datatype/jackson-datatype-jsr310/2.10.1/jackson-datatype-jsr310-2.10.1.jar:/Users/markhughrs/.m2/repository/org/apache/velocity/velocity-engine-core/2.1/velocity-engine-core-2.1.jar:/Users/markhughrs/.m2/repository/org/slf4j/slf4j-api/1.7.26/slf4j-api-1.7.26.jar:/Users/markhughrs/.m2/repository/commons-collections/commons-collections/3.2.2/commons-collections-3.2.2.jar:/Users/markhughrs/.m2/repository/joda-time/joda-time/2.10.5/joda-time-2.10.5.jar:/Users/markhughrs/.m2/repository/org/apache/commons/commons-lang3/3.9/commons-lang3-3.9.jar:/Users/markhughrs/.m2/repository/commons-io/commons-io/2.6/commons-io-2.6.jar:/Users/markhughrs/.m2/repository/org/codehaus/plexus/plexus-utils/3.3.0/plexus-utils-3.3.0.jar:/Users/markhughrs/.m2/repository/org/jsoup/jsoup/1.12.1/jsoup-1.12.1.jar:/Users/markhughrs/.m2/repository/com/googlecode/owasp-java-html-sanitizer/owasp-java-html-sanitizer/20191001.1/owasp-java-html-sanitizer-20191001.1.jar:/Users/markhughrs/.m2/repository/com/google/guava/guava/27.1-jre/guava-27.1-jre.jar:/Users/markhughrs/.m2/repository/com/google/guava/failureaccess/1.0.1/failureaccess-1.0.1.jar:/Users/markhughrs/.m2/repository/com/google/guava/listenablefuture/9999.0-empty-to-avoid-conflict-with-guava/listenablefuture-9999.0-empty-to-avoid-conflict-with-guava.jar:/Users/markhughrs/.m2/repository/com/google/code/findbugs/jsr305/3.0.2/jsr305-3.0.2.jar:/Users/markhughrs/.m2/repository/org/checkerframework/checker-qual/2.5.2/checker-qual-2.5.2.jar:/Users/markhughrs/.m2/repository/com/google/errorprone/error_prone_annotations/2.2.0/error_prone_annotations-2.2.0.jar:/Users/markhughrs/.m2/repository/com/google/j2objc/j2objc-annotations/1.1/j2objc-annotations-1.1.jar:/Users/markhughrs/.m2/repository/org/codehaus/mojo/animal-sniffer-annotations/1.17/animal-sniffer-annotations-1.17.jar:/Users/markhughrs/.m2/repository/commons-configuration/commons-configuration/1.10/commons-configuration-1.10.jar:/Users/markhughrs/.m2/repository/commons-lang/commons-lang/2.6/commons-lang-2.6.jar:/Users/markhughrs/.m2/repository/commons-logging/commons-logging/1.1.1/commons-logging-1.1.1.jar:"/>
    <property name="sun.cpu.endian" value="little"/>
    <property name="user.home" value="/Users/markhughrs"/>
    <property name="user.language" value="en"/>
    <property name="java.specification.vendor" value="Oracle Corporation"/>
    <property name="java.version.date" value="2023-07-18"/>
    <property name="java.home" value="/Library/Java/JavaVirtualMachines/zulu-17.jdk/Contents/Home"/>
    <property name="file.separator" value="/"/>
    <property name="basedir" value="/Users/markhughrs/Documents/repos/skycell"/>
    <property name="java.vm.compressedOopsMode" value="Zero based"/>
    <property name="line.separator" value="&#10;"/>
    <property name="java.specification.name" value="Java Platform API Specification"/>
    <property name="java.vm.specification.vendor" value="Oracle Corporation"/>
    <property name="surefire.real.class.path" value="/Users/markhughrs/Documents/repos/skycell/target/surefire/surefirebooter5815373929502957658.jar"/>
    <property name="sun.management.compiler" value="HotSpot 64-Bit Tiered Compilers"/>
    <property name="ftp.nonProxyHosts" value="local|*.local|169.254/16|*.169.254/16"/>
    <property name="java.runtime.version" value="17.0.8+7-LTS"/>
    <property name="user.name" value="markhughrs"/>
    <property name="path.separator" value=":"/>
    <property name="os.version" value="14.0"/>
    <property name="java.runtime.name" value="OpenJDK Runtime Environment"/>
    <property name="file.encoding" value="UTF-8"/>
    <property name="java.vm.name" value="OpenJDK 64-Bit Server VM"/>
    <property name="java.vendor.version" value="Zulu17.44+15-CA"/>
    <property name="localRepository" value="/Users/markhughrs/.m2/repository"/>
    <property name="java.vendor.url.bug" value="http://www.azul.com/support/"/>
    <property name="java.io.tmpdir" value="/var/folders/k9/98vkgvvs2yqfh6b_8rbfkv1m0000gp/T/"/>
    <property name="java.version" value="17.0.8"/>
    <property name="user.dir" value="/Users/markhughrs/Documents/repos/skycell"/>
    <property name="os.arch" value="aarch64"/>
    <property name="java.vm.specification.name" value="Java Virtual Machine Specification"/>
    <property name="native.encoding" value="UTF-8"/>
    <property name="java.library.path" value="/Users/markhughrs/Library/Java/Extensions:/Library/Java/Extensions:/Network/Library/Java/Extensions:/System/Library/Java/Extensions:/usr/lib/java:."/>
    <property name="java.vm.info" value="mixed mode, sharing"/>
    <property name="java.vendor" value="Azul Systems, Inc."/>
    <property name="java.vm.version" value="17.0.8+7-LTS"/>
    <property name="sun.io.unicode.encoding" value="UnicodeBig"/>
    <property name="socksNonProxyHosts" value="local|*.local|169.254/16|*.169.254/16"/>
    <property name="java.class.version" value="61.0"/>
  </properties>
  <testcase name="testParallel" classname="resources.TestParallel" time="3.561">
    <failure message="status code was: 400, expected: 201, response time in milliseconds: 143, url: https://sensor-data-ingestion.dev.skycell.ch/v1/lora/uplink, response: &#10;[{&quot;message&quot;:&quot;Impossible to deserialize message&quot;,&quot;messageDetails&quot;:&quot;Cannot invoke \&quot;ch.skycell.lora.uplink.dto.UplinkMessageBody.getDecoded_payload()\&quot; because the return value of \&quot;ch.skycell.lora.uplink.dto.LoraUplinkMessage.getUplink_message()\&quot; is null (through reference chain: ch.skycell.lora.uplink.dto.LoraUplinkMessage[\&quot;configuration\&quot;])&quot;}]&#10;classpath:resources/steps/task4b.feature:30&#10;status code was: 400, expected: 201, response time in milliseconds: 146, url: https://sensor-data-ingestion.dev.skycell.ch/v1/lora/uplink, response: &#10;[{&quot;message&quot;:&quot;Impossible to deserialize message&quot;,&quot;messageDetails&quot;:&quot;Cannot invoke \&quot;ch.skycell.lora.uplink.dto.UplinkMessageBody.getDecoded_payload()\&quot; because the return value of \&quot;ch.skycell.lora.uplink.dto.LoraUplinkMessage.getUplink_message()\&quot; is null (through reference chain: ch.skycell.lora.uplink.dto.LoraUplinkMessage[\&quot;configuration\&quot;])&quot;}]&#10;classpath:resources/steps/task4b.feature:30&#10;classpath:resources/controller.feature:22 ==&gt; expected: &lt;0&gt; but was: &lt;1&gt;" type="org.opentest4j.AssertionFailedError"><![CDATA[org.opentest4j.AssertionFailedError: 
status code was: 400, expected: 201, response time in milliseconds: 143, url: https://sensor-data-ingestion.dev.skycell.ch/v1/lora/uplink, response: 
[{"message":"Impossible to deserialize message","messageDetails":"Cannot invoke \"ch.skycell.lora.uplink.dto.UplinkMessageBody.getDecoded_payload()\" because the return value of \"ch.skycell.lora.uplink.dto.LoraUplinkMessage.getUplink_message()\" is null (through reference chain: ch.skycell.lora.uplink.dto.LoraUplinkMessage[\"configuration\"])"}]
classpath:resources/steps/task4b.feature:30
status code was: 400, expected: 201, response time in milliseconds: 146, url: https://sensor-data-ingestion.dev.skycell.ch/v1/lora/uplink, response: 
[{"message":"Impossible to deserialize message","messageDetails":"Cannot invoke \"ch.skycell.lora.uplink.dto.UplinkMessageBody.getDecoded_payload()\" because the return value of \"ch.skycell.lora.uplink.dto.LoraUplinkMessage.getUplink_message()\" is null (through reference chain: ch.skycell.lora.uplink.dto.LoraUplinkMessage[\"configuration\"])"}]
classpath:resources/steps/task4b.feature:30
classpath:resources/controller.feature:22 ==> expected: <0> but was: <1>
	at resources.TestParallel.testParallel(TestParallel.java:23)
]]></failure>
    <system-out><![CDATA[15:06:09.830 [main] DEBUG com.intuit.karate.Suite - [config] classpath:karate-config.js
15:06:09.834 [main] INFO  com.intuit.karate.Suite - backed up existing 'target/karate-reports' dir to: target/karate-reports_1701788769833
15:06:09.836 [main] DEBUG com.intuit.karate.Suite - waiting for 5 features to complete
15:06:10.272 [pool-1-thread-2] INFO  com.intuit.karate - karate.env system property was: null 
15:06:10.272 [pool-1-thread-1] INFO  com.intuit.karate - karate.env system property was: null 
15:06:10.272 [pool-1-thread-3] INFO  com.intuit.karate - karate.env system property was: null 
15:06:10.434 [pool-1-thread-1] DEBUG com.intuit.karate - request:
1 > POST https://keycloak.dev.skycell.ch/realms/skycell/protocol/openid-connect/token
1 > Content-Type: application/x-www-form-urlencoded
1 > Content-Length: 100
1 > Host: keycloak.dev.skycell.ch
1 > Connection: Keep-Alive
1 > User-Agent: Apache-HttpClient/4.5.13 (Java/17.0.8)
1 > Accept-Encoding: gzip,deflate
client_id=webapp&grant_type=password&username=qa_interview%40skycell.ch&password=Qa_interview2023%21

15:06:10.434 [pool-1-thread-2] DEBUG com.intuit.karate - request:
1 > POST https://sensor-data-ingestion.dev.skycell.ch/v1/lora/configuration
1 > apiKey: NNSXS.RPNRQUVEAQHYIBRJPYB5BMF36VT2E4ZIQWLCO6Y.ZP7FKSYX6J2XO2SRNBPHWQJHIBB5ZWTULHPI27N7C4IMQAKB6QYA
1 > Content-Type: application/json; charset=UTF-8
1 > Content-Length: 77
1 > Host: sensor-data-ingestion.dev.skycell.ch
1 > Connection: Keep-Alive
1 > User-Agent: Apache-HttpClient/4.5.13 (Java/17.0.8)
1 > Accept-Encoding: gzip,deflate
{"loggerNumber":"B8857FD77AA8CE28","loggerType":"MR_810T","baseInterval":600}

15:06:10.434 [pool-1-thread-3] DEBUG com.intuit.karate - request:
1 > POST https://sensor-data-ingestion.dev.skycell.ch/v1/lora/configuration
1 > apiKey: NNSXS.RPNRQUVEAQHYIBRJPYB5BMF36VT2E4ZIQWLCO6Y.ZP7FKSYX6J2XO2SRNBPHWQJHIBB5ZWTULHPI27N7C4IMQAKB6QYA
1 > Content-Type: application/json; charset=UTF-8
1 > Content-Length: 77
1 > Host: sensor-data-ingestion.dev.skycell.ch
1 > Connection: Keep-Alive
1 > User-Agent: Apache-HttpClient/4.5.13 (Java/17.0.8)
1 > Accept-Encoding: gzip,deflate
{"loggerNumber":"6D021556F7507325","loggerType":"MR_812P","baseInterval":600}

15:06:10.694 [pool-1-thread-2] DEBUG com.intuit.karate - response time in milliseconds: 259
1 < 201
1 < Content-Length: 0
1 < Date: Tue, 05 Dec 2023 15:06:10 GMT

15:06:10.725 [pool-1-thread-3] DEBUG com.intuit.karate - response time in milliseconds: 290
1 < 201
1 < Content-Length: 0
1 < Date: Tue, 05 Dec 2023 15:06:10 GMT

15:06:10.760 [pool-1-thread-1] DEBUG com.intuit.karate - response time in milliseconds: 326
1 < 200
1 < Cache-Control: no-store
1 < Content-Length: 3773
1 < Content-Type: application/json
1 < Pragma: no-cache
1 < Referrer-Policy: no-referrer
1 < Set-Cookie: KEYCLOAK_LOCALE=; Version=1; Comment=Expiring cookie; Expires=Thu, 01-Jan-1970 00:00:10 GMT; Max-Age=0; Path=/realms/skycell/; Secure; HttpOnly
1 < Set-Cookie: KC_RESTART=; Version=1; Expires=Thu, 01-Jan-1970 00:00:10 GMT; Max-Age=0; Path=/realms/skycell/; Secure; HttpOnly
1 < Strict-Transport-Security: max-age=31536000; includeSubDomains
1 < X-Content-Type-Options: nosniff
1 < X-Frame-Options: SAMEORIGIN
1 < X-Xss-Protection: 1; mode=block
1 < Date: Tue, 05 Dec 2023 15:06:10 GMT
{"access_token":"eyJhbGciOiJSUzI1NiIsInR5cCIgOiAiSldUIiwia2lkIiA6ICJMdXpuc3hrWS15anNLdnFicVotc1ZPS1lWT2FhT1Z5UUFsSTdoSEllWTE0In0.eyJleHAiOjE3MDE4MzkxNzAsImlhdCI6MTcwMTc4ODc3MCwianRpIjoiYWEzZWQyMzMtYzVlNS00MDUzLWFmYzMtMzc5NDc2ZGEyNTc3IiwiaXNzIjoiaHR0cHM6Ly9rZXljbG9hay5kZXYuc2t5Y2VsbC5jaC9yZWFsbXMvc2t5Y2VsbCIsImF1ZCI6WyJ3ZWJhcHAiLCJkb2N1bWVudC1nZW5lcmF0b3ItbG9jYWwiLCJhY2NvdW50Il0sInN1YiI6ImMwNTZlNTVhLTQ1ZWMtNGRjNi1hMjFmLTMwN2YyN2IyODU3MiIsInR5cCI6IkJlYXJlciIsImF6cCI6IndlYmFwcCIsInNlc3Npb25fc3RhdGUiOiIzYmYwYmMyOC03NzAzLTQ2OTMtOGQ3ZC1mMzYyM2NjMzZiNzYiLCJhbGxvd2VkLW9yaWdpbnMiOlsiaHR0cHM6Ly9za3luZXQucG9jLnNreWNlbGwuY2giLCJodHRwczovL3NreW1pbmQuZGVtby5za3ljZWxsLmNoIiwiaHR0cHM6Ly9za3luZXQuZGVtby5za3ljZWxsLmNoIiwiaHR0cDovL2xvY2FsaG9zdDo2MDA2IiwiaHR0cHM6Ly9za3ljZW50ZXIuZGVtby5za3ljZWxsLmNoIiwiaHR0cHM6Ly9zZWN1cmUuZGVtby5za3ljZWxsLmNoIiwiaHR0cHM6Ly9za3lwb3J0YWwuZGV2LnNreWNlbGwuY2giLCJodHRwczovL3NreW1pbmQuZGV2LnNreWNlbGwuY2giLCJodHRwczovL3NreWNlbGwtYWcuZ2l0aHViLmlvIiwiaHR0cDovL2xvY2FsaG9zdDo4MTAwIiwiaHR0cDovL2xvY2FsaG9zdDo2MDYwIiwiaHR0cHM6Ly9za3ltaW5kLnRlc3Quc2t5Y2VsbC5jaCIsImh0dHA6Ly9sb2NhbGhvc3Q6ODA4MCIsImh0dHBzOi8va2V5Y2xvYWsuZGV2LnNreWNlbGwuY2giLCJodHRwczovL3NreW5ldC50ZXN0LnNreWNlbGwuY2giLCJodHRwczovL3NreWNlbnRlci50ZXN0LnNreWNlbGwuY2giLCJodHRwczovL3NlY3VyZS5kZXYuc2t5Y2VsbC5jaCIsImh0dHBzOi8vc2VjdXJlLnRlc3Quc2t5Y2VsbC5jaCIsImh0dHBzOi8vc2t5c2hpcG5ldy5kZXYuc2t5Y2VsbC5jaCIsImh0dHBzOi8vc2t5bmV0LmRldi5za3ljZWxsLmNoIiwiaHR0cHM6Ly9za3ltaW5kLnByZS5za3ljZWxsLmNoIiwiaHR0cHM6Ly9za3ljb3JlLnBvYy5za3ljZWxsLmNoIiwiaHR0cDovL2xvY2FsaG9zdCIsImh0dHBzOi8vc2t5c2hpcC5kZW1vLnNreWNlbGwuY2giLCJodHRwOi8vbG9jYWxob3N0OjMwMDEiLCJodHRwOi8vbG9jYWxob3N0OjMwMDAiLCJodHRwczovL3NreWNvcmUuZGVtby5za3ljZWxsLmNoIiwiaHR0cHM6Ly9za3ltaW5kLnBvYy5za3ljZWxsLmNoIiwiaHR0cHM6Ly9kZW1vcGFydG5lcnBvcnRhbC4zc2NhcHBzLmNvbSIsImh0dHBzOi8vc2t5Y2VudGVyLmRldi5za3ljZWxsLmNoIiwiaHR0cHM6Ly9za3lzaGlwLmRldi5za3ljZWxsLmNoIiwiaHR0cHM6Ly9za3ljb3JlLmRldi5za3ljZWxsLmNoIiwiaHR0cHM6Ly9za3lzaGlwLnNreWNlbGwuY2giLCJodHRwczovL3NreWNlbGxwYXJ0bmVycG9ydGFsLjNzY2FwcHMuY29tIl0sInJlc291cmNlX2FjY2VzcyI6eyJhY2NvdW50Ijp7InJvbGVzIjpbIm1hbmFnZS1hY2NvdW50IiwibWFuYWdlLWFjY291bnQtbGlua3MiLCJ2aWV3LXByb2ZpbGUiXX19LCJzY29wZSI6IndlYmFwcCBlbWFpbCBwcm9maWxlIGRvY3VtZW50LWdlbmVyYXRvciIsInNpZCI6IjNiZjBiYzI4LTc3MDMtNDY5My04ZDdkLWYzNjIzY2MzNmI3NiIsImVtYWlsX3ZlcmlmaWVkIjp0cnVlLCJuYW1lIjoiUUEgSW50ZXJ2aWV3IiwicHJlZmVycmVkX3VzZXJuYW1lIjoicWFfaW50ZXJ2aWV3QHNreWNlbGwuY2giLCJnaXZlbl9uYW1lIjoiUUEiLCJmYW1pbHlfbmFtZSI6IkludGVydmlldyIsImVtYWlsIjoicWFfaW50ZXJ2aWV3QHNreWNlbGwuY2gifQ.hSYILA9Li-pZKyv3Fz2BMpQU7e6h-eghlDLIfHvYPOPF04izpILrGkhdsYTkB5xd6Bb3I1cnL4VoO9ggxnWvcWv5-ky7CRf7fzdmHABr_cVHPoeyu8JPNujgjIW7xW1QnFUQyVbCBrxZ5EURxwocWaIpRbQszK4fN0rQWu4LO1bwSRnbzXMy2N1aQn_RNCPwwRw2_NZmeYHPxFxx_bvnS5V8j8t52mglhqbLnhyf8kOqwt642eKcqSa0WiUp6fODKk2vIpZ9bMcenU0Gc70zIDFp0QcsyNaX8ZmCPm7jWI3Qod-MQo1_iETGeHeoYwiiFUsN43UQwdbcgngSQ6BzNg","expires_in":50400,"refresh_expires_in":14400,"refresh_token":"eyJhbGciOiJIUzI1NiIsInR5cCIgOiAiSldUIiwia2lkIiA6ICI1N2UxMGU1Yi1hMjg3LTQ1ZWItYWE5My0wOWE3MTI0OGY3Y2UifQ.eyJleHAiOjE3MDE4MDMxNzAsImlhdCI6MTcwMTc4ODc3MCwianRpIjoiZmY5MTM3ZTQtMmZjNS00NWM3LTgxMTEtNjdlMzk3ZDQxMDM5IiwiaXNzIjoiaHR0cHM6Ly9rZXljbG9hay5kZXYuc2t5Y2VsbC5jaC9yZWFsbXMvc2t5Y2VsbCIsImF1ZCI6Imh0dHBzOi8va2V5Y2xvYWsuZGV2LnNreWNlbGwuY2gvcmVhbG1zL3NreWNlbGwiLCJzdWIiOiJjMDU2ZTU1YS00NWVjLTRkYzYtYTIxZi0zMDdmMjdiMjg1NzIiLCJ0eXAiOiJSZWZyZXNoIiwiYXpwIjoid2ViYXBwIiwic2Vzc2lvbl9zdGF0ZSI6IjNiZjBiYzI4LTc3MDMtNDY5My04ZDdkLWYzNjIzY2MzNmI3NiIsInNjb3BlIjoid2ViYXBwIGVtYWlsIHByb2ZpbGUgZG9jdW1lbnQtZ2VuZXJhdG9yIiwic2lkIjoiM2JmMGJjMjgtNzcwMy00NjkzLThkN2QtZjM2MjNjYzM2Yjc2In0.Tl1ess186L9fRSVNzdqSgFYNDRYQCGtBt9MB836iAlc","token_type":"Bearer","not-before-policy":1680026173,"session_state":"3bf0bc28-7703-4693-8d7d-f3623cc36b76","scope":"webapp email profile document-generator"}
15:06:10.782 [pool-1-thread-1] INFO  com.intuit.karate - [print] {
  "end_device_ids": {
    "device_id": "eui-D6F0036F2867E14C",
    "dev_eui": "D6F0036F2867E14C"
  },
  "received_at": "2023-12-05T15:06:10",
  "uplink_message": {
    "decoded_payload": {
      "sensorData": [
        {
          "amount": 1,
          "dataPoints": [
            {
              "index": 10,
              "temperature": 23.1
            }
          ],
          "isLogged": 0,
          "type": 0,
          "typeText": "Internal Temperature Sensor"
        },
        {
          "amount": 1,
          "dataPoints": [
            {
              "index": 20,
              "voltage": 1.3
            }
          ],
          "isLogged": 0,
          "type": 1,
          "typeText": "Battery voltage"
        },
        {
          "amount": 1,
          "dataPoints": [
            {
              "index": 4,
              "temperature": 23.1
            }
          ],
          "isLogged": 0,
          "type": 3,
          "typeText": "RTD Temperature Sensor"
        }
      ]
    },
    "rx_metadata": [
      {
        "gateway_ids": {
          "gateway_id": "9c65f94334d8",
          "eui": "9C65F9FFFE4334D8"
        },
        "timestamp": 39945773,
        "rssi": -44,
        "channel_rssi": -44,
        "snr": 5
      }
    ]
  }
}
 
15:06:10.784 [pool-1-thread-1] DEBUG com.intuit.karate - request:
1 > POST https://sensor-data-ingestion.dev.skycell.ch/v1/lora/uplink
1 > apiKey: NNSXS.RPNRQUVEAQHYIBRJPYB5BMF36VT2E4ZIQWLCO6Y.ZP7FKSYX6J2XO2SRNBPHWQJHIBB5ZWTULHPI27N7C4IMQAKB6QYA
1 > Content-Type: application/json; charset=UTF-8
1 > Content-Length: 666
1 > Host: sensor-data-ingestion.dev.skycell.ch
1 > Connection: Keep-Alive
1 > User-Agent: Apache-HttpClient/4.5.13 (Java/17.0.8)
1 > Accept-Encoding: gzip,deflate
{"end_device_ids":{"device_id":"eui-D6F0036F2867E14C","dev_eui":"D6F0036F2867E14C"},"received_at":"2023-12-05T15:06:10","uplink_message":{"decoded_payload":{"sensorData":[{"amount":1,"dataPoints":[{"index":10,"temperature":23.1}],"isLogged":0,"type":0,"typeText":"Internal Temperature Sensor"},{"amount":1,"dataPoints":[{"index":20,"voltage":1.3}],"isLogged":0,"type":1,"typeText":"Battery voltage"},{"amount":1,"dataPoints":[{"index":4,"temperature":23.1}],"isLogged":0,"type":3,"typeText":"RTD Temperature Sensor"}]},"rx_metadata":[{"gateway_ids":{"gateway_id":"9c65f94334d8","eui":"9C65F9FFFE4334D8"},"timestamp":39945773,"rssi":-44,"channel_rssi":-44,"snr":5}]}}

15:06:10.936 [pool-1-thread-1] DEBUG com.intuit.karate - response time in milliseconds: 152
1 < 201
1 < Content-Length: 0
1 < Date: Tue, 05 Dec 2023 15:06:10 GMT

15:06:10.944 [pool-1-thread-1] INFO  com.intuit.karate - [print] {
  "end_device_ids": {
    "device_id": "eui-D6F0036F2867E14C",
    "dev_eui": "D6F0036F2867E14C"
  },
  "received_at": "2023-12-05T15:16:10",
  "uplink_message": {
    "decoded_payload": {
      "sensorData": [
        {
          "amount": 1,
          "dataPoints": [
            {
              "index": 10,
              "temperature": 23.1
            }
          ],
          "isLogged": 0,
          "type": 0,
          "typeText": "Internal Temperature Sensor"
        },
        {
          "amount": 1,
          "dataPoints": [
            {
              "index": 20,
              "voltage": 1.3
            }
          ],
          "isLogged": 0,
          "type": 1,
          "typeText": "Battery voltage"
        },
        {
          "amount": 1,
          "dataPoints": [
            {
              "index": 4,
              "temperature": 23.1
            }
          ],
          "isLogged": 0,
          "type": 3,
          "typeText": "RTD Temperature Sensor"
        }
      ]
    },
    "rx_metadata": [
      {
        "gateway_ids": {
          "gateway_id": "9c65f94334d8",
          "eui": "9C65F9FFFE4334D8"
        },
        "timestamp": 39945773,
        "rssi": -44,
        "channel_rssi": -44,
        "snr": 5
      }
    ]
  }
}
 
15:06:10.945 [pool-1-thread-1] DEBUG com.intuit.karate - request:
1 > POST https://sensor-data-ingestion.dev.skycell.ch/v1/lora/uplink
1 > apiKey: NNSXS.RPNRQUVEAQHYIBRJPYB5BMF36VT2E4ZIQWLCO6Y.ZP7FKSYX6J2XO2SRNBPHWQJHIBB5ZWTULHPI27N7C4IMQAKB6QYA
1 > Content-Type: application/json; charset=UTF-8
1 > Content-Length: 666
1 > Host: sensor-data-ingestion.dev.skycell.ch
1 > Connection: Keep-Alive
1 > User-Agent: Apache-HttpClient/4.5.13 (Java/17.0.8)
1 > Accept-Encoding: gzip,deflate
{"end_device_ids":{"device_id":"eui-D6F0036F2867E14C","dev_eui":"D6F0036F2867E14C"},"received_at":"2023-12-05T15:16:10","uplink_message":{"decoded_payload":{"sensorData":[{"amount":1,"dataPoints":[{"index":10,"temperature":23.1}],"isLogged":0,"type":0,"typeText":"Internal Temperature Sensor"},{"amount":1,"dataPoints":[{"index":20,"voltage":1.3}],"isLogged":0,"type":1,"typeText":"Battery voltage"},{"amount":1,"dataPoints":[{"index":4,"temperature":23.1}],"isLogged":0,"type":3,"typeText":"RTD Temperature Sensor"}]},"rx_metadata":[{"gateway_ids":{"gateway_id":"9c65f94334d8","eui":"9C65F9FFFE4334D8"},"timestamp":39945773,"rssi":-44,"channel_rssi":-44,"snr":5}]}}

15:06:11.096 [pool-1-thread-1] DEBUG com.intuit.karate - response time in milliseconds: 151
1 < 201
1 < Content-Length: 0
1 < Date: Tue, 05 Dec 2023 15:06:11 GMT

15:06:11.102 [pool-1-thread-1] INFO  com.intuit.karate - [print] {
  "end_device_ids": {
    "device_id": "eui-D6F0036F2867E14C",
    "dev_eui": "D6F0036F2867E14C"
  },
  "received_at": "2023-12-05T15:26:10",
  "uplink_message": {
    "decoded_payload": {
      "sensorData": [
        {
          "amount": 1,
          "dataPoints": [
            {
              "index": 10,
              "temperature": 23.1
            }
          ],
          "isLogged": 0,
          "type": 0,
          "typeText": "Internal Temperature Sensor"
        },
        {
          "amount": 1,
          "dataPoints": [
            {
              "index": 20,
              "voltage": 1.3
            }
          ],
          "isLogged": 0,
          "type": 1,
          "typeText": "Battery voltage"
        },
        {
          "amount": 1,
          "dataPoints": [
            {
              "index": 4,
              "temperature": 23.1
            }
          ],
          "isLogged": 0,
          "type": 3,
          "typeText": "RTD Temperature Sensor"
        }
      ]
    },
    "rx_metadata": [
      {
        "gateway_ids": {
          "gateway_id": "9c65f94334d8",
          "eui": "9C65F9FFFE4334D8"
        },
        "timestamp": 39945773,
        "rssi": -44,
        "channel_rssi": -44,
        "snr": 5
      }
    ]
  }
}
 
15:06:11.103 [pool-1-thread-1] DEBUG com.intuit.karate - request:
1 > POST https://sensor-data-ingestion.dev.skycell.ch/v1/lora/uplink
1 > apiKey: NNSXS.RPNRQUVEAQHYIBRJPYB5BMF36VT2E4ZIQWLCO6Y.ZP7FKSYX6J2XO2SRNBPHWQJHIBB5ZWTULHPI27N7C4IMQAKB6QYA
1 > Content-Type: application/json; charset=UTF-8
1 > Content-Length: 666
1 > Host: sensor-data-ingestion.dev.skycell.ch
1 > Connection: Keep-Alive
1 > User-Agent: Apache-HttpClient/4.5.13 (Java/17.0.8)
1 > Accept-Encoding: gzip,deflate
{"end_device_ids":{"device_id":"eui-D6F0036F2867E14C","dev_eui":"D6F0036F2867E14C"},"received_at":"2023-12-05T15:26:10","uplink_message":{"decoded_payload":{"sensorData":[{"amount":1,"dataPoints":[{"index":10,"temperature":23.1}],"isLogged":0,"type":0,"typeText":"Internal Temperature Sensor"},{"amount":1,"dataPoints":[{"index":20,"voltage":1.3}],"isLogged":0,"type":1,"typeText":"Battery voltage"},{"amount":1,"dataPoints":[{"index":4,"temperature":23.1}],"isLogged":0,"type":3,"typeText":"RTD Temperature Sensor"}]},"rx_metadata":[{"gateway_ids":{"gateway_id":"9c65f94334d8","eui":"9C65F9FFFE4334D8"},"timestamp":39945773,"rssi":-44,"channel_rssi":-44,"snr":5}]}}

15:06:11.254 [pool-1-thread-1] DEBUG com.intuit.karate - response time in milliseconds: 151
1 < 201
1 < Content-Length: 0
1 < Date: Tue, 05 Dec 2023 15:06:11 GMT

15:06:11.260 [pool-1-thread-1] INFO  com.intuit.karate - [print] {
  "end_device_ids": {
    "device_id": "eui-D6F0036F2867E14C",
    "dev_eui": "D6F0036F2867E14C"
  },
  "received_at": "2023-12-05T15:36:10",
  "uplink_message": {
    "decoded_payload": {
      "sensorData": [
        {
          "amount": 1,
          "dataPoints": [
            {
              "index": 10,
              "temperature": 23.1
            }
          ],
          "isLogged": 0,
          "type": 0,
          "typeText": "Internal Temperature Sensor"
        },
        {
          "amount": 1,
          "dataPoints": [
            {
              "index": 20,
              "voltage": 1.3
            }
          ],
          "isLogged": 0,
          "type": 1,
          "typeText": "Battery voltage"
        },
        {
          "amount": 1,
          "dataPoints": [
            {
              "index": 4,
              "temperature": 23.1
            }
          ],
          "isLogged": 0,
          "type": 3,
          "typeText": "RTD Temperature Sensor"
        }
      ]
    },
    "rx_metadata": [
      {
        "gateway_ids": {
          "gateway_id": "9c65f94334d8",
          "eui": "9C65F9FFFE4334D8"
        },
        "timestamp": 39945773,
        "rssi": -44,
        "channel_rssi": -44,
        "snr": 5
      }
    ]
  }
}
 
15:06:11.261 [pool-1-thread-1] DEBUG com.intuit.karate - request:
1 > POST https://sensor-data-ingestion.dev.skycell.ch/v1/lora/uplink
1 > apiKey: NNSXS.RPNRQUVEAQHYIBRJPYB5BMF36VT2E4ZIQWLCO6Y.ZP7FKSYX6J2XO2SRNBPHWQJHIBB5ZWTULHPI27N7C4IMQAKB6QYA
1 > Content-Type: application/json; charset=UTF-8
1 > Content-Length: 666
1 > Host: sensor-data-ingestion.dev.skycell.ch
1 > Connection: Keep-Alive
1 > User-Agent: Apache-HttpClient/4.5.13 (Java/17.0.8)
1 > Accept-Encoding: gzip,deflate
{"end_device_ids":{"device_id":"eui-D6F0036F2867E14C","dev_eui":"D6F0036F2867E14C"},"received_at":"2023-12-05T15:36:10","uplink_message":{"decoded_payload":{"sensorData":[{"amount":1,"dataPoints":[{"index":10,"temperature":23.1}],"isLogged":0,"type":0,"typeText":"Internal Temperature Sensor"},{"amount":1,"dataPoints":[{"index":20,"voltage":1.3}],"isLogged":0,"type":1,"typeText":"Battery voltage"},{"amount":1,"dataPoints":[{"index":4,"temperature":23.1}],"isLogged":0,"type":3,"typeText":"RTD Temperature Sensor"}]},"rx_metadata":[{"gateway_ids":{"gateway_id":"9c65f94334d8","eui":"9C65F9FFFE4334D8"},"timestamp":39945773,"rssi":-44,"channel_rssi":-44,"snr":5}]}}

15:06:11.411 [pool-1-thread-1] DEBUG com.intuit.karate - response time in milliseconds: 150
1 < 201
1 < Content-Length: 0
1 < Date: Tue, 05 Dec 2023 15:06:11 GMT

15:06:11.417 [pool-1-thread-1] INFO  com.intuit.karate - [print] {
  "end_device_ids": {
    "device_id": "eui-D6F0036F2867E14C",
    "dev_eui": "D6F0036F2867E14C"
  },
  "received_at": "2023-12-05T15:46:10",
  "uplink_message": {
    "decoded_payload": {
      "sensorData": [
        {
          "amount": 1,
          "dataPoints": [
            {
              "index": 10,
              "temperature": 23.1
            }
          ],
          "isLogged": 0,
          "type": 0,
          "typeText": "Internal Temperature Sensor"
        },
        {
          "amount": 1,
          "dataPoints": [
            {
              "index": 20,
              "voltage": 1.3
            }
          ],
          "isLogged": 0,
          "type": 1,
          "typeText": "Battery voltage"
        },
        {
          "amount": 1,
          "dataPoints": [
            {
              "index": 4,
              "temperature": 23.1
            }
          ],
          "isLogged": 0,
          "type": 3,
          "typeText": "RTD Temperature Sensor"
        }
      ]
    },
    "rx_metadata": [
      {
        "gateway_ids": {
          "gateway_id": "9c65f94334d8",
          "eui": "9C65F9FFFE4334D8"
        },
        "timestamp": 39945773,
        "rssi": -44,
        "channel_rssi": -44,
        "snr": 5
      }
    ]
  }
}
 
15:06:11.418 [pool-1-thread-1] DEBUG com.intuit.karate - request:
1 > POST https://sensor-data-ingestion.dev.skycell.ch/v1/lora/uplink
1 > apiKey: NNSXS.RPNRQUVEAQHYIBRJPYB5BMF36VT2E4ZIQWLCO6Y.ZP7FKSYX6J2XO2SRNBPHWQJHIBB5ZWTULHPI27N7C4IMQAKB6QYA
1 > Content-Type: application/json; charset=UTF-8
1 > Content-Length: 666
1 > Host: sensor-data-ingestion.dev.skycell.ch
1 > Connection: Keep-Alive
1 > User-Agent: Apache-HttpClient/4.5.13 (Java/17.0.8)
1 > Accept-Encoding: gzip,deflate
{"end_device_ids":{"device_id":"eui-D6F0036F2867E14C","dev_eui":"D6F0036F2867E14C"},"received_at":"2023-12-05T15:46:10","uplink_message":{"decoded_payload":{"sensorData":[{"amount":1,"dataPoints":[{"index":10,"temperature":23.1}],"isLogged":0,"type":0,"typeText":"Internal Temperature Sensor"},{"amount":1,"dataPoints":[{"index":20,"voltage":1.3}],"isLogged":0,"type":1,"typeText":"Battery voltage"},{"amount":1,"dataPoints":[{"index":4,"temperature":23.1}],"isLogged":0,"type":3,"typeText":"RTD Temperature Sensor"}]},"rx_metadata":[{"gateway_ids":{"gateway_id":"9c65f94334d8","eui":"9C65F9FFFE4334D8"},"timestamp":39945773,"rssi":-44,"channel_rssi":-44,"snr":5}]}}

15:06:11.571 [pool-1-thread-1] DEBUG com.intuit.karate - response time in milliseconds: 153
1 < 201
1 < Content-Length: 0
1 < Date: Tue, 05 Dec 2023 15:06:11 GMT

15:06:11.579 [pool-1-thread-1] INFO  com.intuit.karate - [print] {
  "end_device_ids": {
    "device_id": "eui-D6F0036F2867E14C",
    "dev_eui": "D6F0036F2867E14C"
  },
  "received_at": "2023-12-05T15:56:10",
  "uplink_message": {
    "decoded_payload": {
      "sensorData": [
        {
          "amount": 1,
          "dataPoints": [
            {
              "index": 10,
              "temperature": 23.1
            }
          ],
          "isLogged": 0,
          "type": 0,
          "typeText": "Internal Temperature Sensor"
        },
        {
          "amount": 1,
          "dataPoints": [
            {
              "index": 20,
              "voltage": 1.3
            }
          ],
          "isLogged": 0,
          "type": 1,
          "typeText": "Battery voltage"
        },
        {
          "amount": 1,
          "dataPoints": [
            {
              "index": 4,
              "temperature": 23.1
            }
          ],
          "isLogged": 0,
          "type": 3,
          "typeText": "RTD Temperature Sensor"
        }
      ]
    },
    "rx_metadata": [
      {
        "gateway_ids": {
          "gateway_id": "9c65f94334d8",
          "eui": "9C65F9FFFE4334D8"
        },
        "timestamp": 39945773,
        "rssi": -44,
        "channel_rssi": -44,
        "snr": 5
      }
    ]
  }
}
 
15:06:11.581 [pool-1-thread-1] DEBUG com.intuit.karate - request:
1 > POST https://sensor-data-ingestion.dev.skycell.ch/v1/lora/uplink
1 > apiKey: NNSXS.RPNRQUVEAQHYIBRJPYB5BMF36VT2E4ZIQWLCO6Y.ZP7FKSYX6J2XO2SRNBPHWQJHIBB5ZWTULHPI27N7C4IMQAKB6QYA
1 > Content-Type: application/json; charset=UTF-8
1 > Content-Length: 666
1 > Host: sensor-data-ingestion.dev.skycell.ch
1 > Connection: Keep-Alive
1 > User-Agent: Apache-HttpClient/4.5.13 (Java/17.0.8)
1 > Accept-Encoding: gzip,deflate
{"end_device_ids":{"device_id":"eui-D6F0036F2867E14C","dev_eui":"D6F0036F2867E14C"},"received_at":"2023-12-05T15:56:10","uplink_message":{"decoded_payload":{"sensorData":[{"amount":1,"dataPoints":[{"index":10,"temperature":23.1}],"isLogged":0,"type":0,"typeText":"Internal Temperature Sensor"},{"amount":1,"dataPoints":[{"index":20,"voltage":1.3}],"isLogged":0,"type":1,"typeText":"Battery voltage"},{"amount":1,"dataPoints":[{"index":4,"temperature":23.1}],"isLogged":0,"type":3,"typeText":"RTD Temperature Sensor"}]},"rx_metadata":[{"gateway_ids":{"gateway_id":"9c65f94334d8","eui":"9C65F9FFFE4334D8"},"timestamp":39945773,"rssi":-44,"channel_rssi":-44,"snr":5}]}}

15:06:11.729 [pool-1-thread-1] DEBUG com.intuit.karate - response time in milliseconds: 148
1 < 201
1 < Content-Length: 0
1 < Date: Tue, 05 Dec 2023 15:06:11 GMT

15:06:11.739 [pool-1-thread-1] INFO  com.intuit.karate - [print] {
  "end_device_ids": {
    "device_id": "eui-D6F0036F2867E14C",
    "dev_eui": "D6F0036F2867E14C"
  },
  "received_at": "2023-12-05T16:06:10",
  "uplink_message": {
    "decoded_payload": {
      "sensorData": [
        {
          "amount": 1,
          "dataPoints": [
            {
              "index": 10,
              "temperature": 23.1
            }
          ],
          "isLogged": 0,
          "type": 0,
          "typeText": "Internal Temperature Sensor"
        },
        {
          "amount": 1,
          "dataPoints": [
            {
              "index": 20,
              "voltage": 1.3
            }
          ],
          "isLogged": 0,
          "type": 1,
          "typeText": "Battery voltage"
        },
        {
          "amount": 1,
          "dataPoints": [
            {
              "index": 4,
              "temperature": 23.1
            }
          ],
          "isLogged": 0,
          "type": 3,
          "typeText": "RTD Temperature Sensor"
        }
      ]
    },
    "rx_metadata": [
      {
        "gateway_ids": {
          "gateway_id": "9c65f94334d8",
          "eui": "9C65F9FFFE4334D8"
        },
        "timestamp": 39945773,
        "rssi": -44,
        "channel_rssi": -44,
        "snr": 5
      }
    ]
  }
}
 
15:06:11.741 [pool-1-thread-1] DEBUG com.intuit.karate - request:
1 > POST https://sensor-data-ingestion.dev.skycell.ch/v1/lora/uplink
1 > apiKey: NNSXS.RPNRQUVEAQHYIBRJPYB5BMF36VT2E4ZIQWLCO6Y.ZP7FKSYX6J2XO2SRNBPHWQJHIBB5ZWTULHPI27N7C4IMQAKB6QYA
1 > Content-Type: application/json; charset=UTF-8
1 > Content-Length: 666
1 > Host: sensor-data-ingestion.dev.skycell.ch
1 > Connection: Keep-Alive
1 > User-Agent: Apache-HttpClient/4.5.13 (Java/17.0.8)
1 > Accept-Encoding: gzip,deflate
{"end_device_ids":{"device_id":"eui-D6F0036F2867E14C","dev_eui":"D6F0036F2867E14C"},"received_at":"2023-12-05T16:06:10","uplink_message":{"decoded_payload":{"sensorData":[{"amount":1,"dataPoints":[{"index":10,"temperature":23.1}],"isLogged":0,"type":0,"typeText":"Internal Temperature Sensor"},{"amount":1,"dataPoints":[{"index":20,"voltage":1.3}],"isLogged":0,"type":1,"typeText":"Battery voltage"},{"amount":1,"dataPoints":[{"index":4,"temperature":23.1}],"isLogged":0,"type":3,"typeText":"RTD Temperature Sensor"}]},"rx_metadata":[{"gateway_ids":{"gateway_id":"9c65f94334d8","eui":"9C65F9FFFE4334D8"},"timestamp":39945773,"rssi":-44,"channel_rssi":-44,"snr":5}]}}

15:06:11.889 [pool-1-thread-1] DEBUG com.intuit.karate - response time in milliseconds: 148
1 < 201
1 < Content-Length: 0
1 < Date: Tue, 05 Dec 2023 15:06:11 GMT

15:06:11.898 [pool-1-thread-1] DEBUG com.intuit.karate - request:
1 > POST https://sensor-data-ingestion.dev.skycell.ch/v1/lora/uplink
1 > apiKey: NNSXS.RPNRQUVEAQHYIBRJPYB5BMF36VT2E4ZIQWLCO6Y.ZP7FKSYX6J2XO2SRNBPHWQJHIBB5ZWTULHPI27N7C4IMQAKB6QYA
1 > Content-Type: application/json; charset=UTF-8
1 > Content-Length: 219
1 > Host: sensor-data-ingestion.dev.skycell.ch
1 > Connection: Keep-Alive
1 > User-Agent: Apache-HttpClient/4.5.13 (Java/17.0.8)
1 > Accept-Encoding: gzip,deflate
{"useStandardizedTimestamps":false,"from":"2023-12-05T15:06:10","to":"2023-12-05T16:06:10","loggers":[{"loggerNumber":"D6F0036F2867E14C","loggerType":"MR_810T"}],"dataTypes":["TEMPERATURE"],"sensorCodes":["INTEGRATED"]}

15:06:12.041 [pool-1-thread-1] DEBUG com.intuit.karate - response time in milliseconds: 143
1 < 400
1 < Content-Length: 348
1 < Content-Type: application/json
1 < Date: Tue, 05 Dec 2023 15:06:12 GMT
[{"message":"Impossible to deserialize message","messageDetails":"Cannot invoke \"ch.skycell.lora.uplink.dto.UplinkMessageBody.getDecoded_payload()\" because the return value of \"ch.skycell.lora.uplink.dto.LoraUplinkMessage.getUplink_message()\" is null (through reference chain: ch.skycell.lora.uplink.dto.LoraUplinkMessage[\"configuration\"])"}]
15:06:12.042 [pool-1-thread-1] ERROR com.intuit.karate - classpath:resources/steps/task4b.feature:30
Then status 201
status code was: 400, expected: 201, response time in milliseconds: 143, url: https://sensor-data-ingestion.dev.skycell.ch/v1/lora/uplink, response: 
[{"message":"Impossible to deserialize message","messageDetails":"Cannot invoke \"ch.skycell.lora.uplink.dto.UplinkMessageBody.getDecoded_payload()\" because the return value of \"ch.skycell.lora.uplink.dto.LoraUplinkMessage.getUplink_message()\" is null (through reference chain: ch.skycell.lora.uplink.dto.LoraUplinkMessage[\"configuration\"])"}]
classpath:resources/steps/task4b.feature:30
15:06:12.047 [pool-1-thread-1] DEBUG com.intuit.karate - request:
1 > POST https://sensor-data-ingestion.dev.skycell.ch/v1/lora/uplink
1 > apiKey: NNSXS.RPNRQUVEAQHYIBRJPYB5BMF36VT2E4ZIQWLCO6Y.ZP7FKSYX6J2XO2SRNBPHWQJHIBB5ZWTULHPI27N7C4IMQAKB6QYA
1 > Content-Type: application/json; charset=UTF-8
1 > Content-Length: 228
1 > Host: sensor-data-ingestion.dev.skycell.ch
1 > Connection: Keep-Alive
1 > User-Agent: Apache-HttpClient/4.5.13 (Java/17.0.8)
1 > Accept-Encoding: gzip,deflate
{"useStandardizedTimestamps":false,"from":"2023-12-05T15:06:10","to":"2023-12-05T16:06:10","loggers":[{"loggerNumber":"D6F0036F2867E14C","loggerType":"MR_810T"}],"dataTypes":["BATTERY_VOLTAGE"],"sensorCodes":["BATTERY_VOLTAGE"]}

15:06:12.193 [pool-1-thread-1] DEBUG com.intuit.karate - response time in milliseconds: 146
1 < 400
1 < Content-Length: 348
1 < Content-Type: application/json
1 < Date: Tue, 05 Dec 2023 15:06:12 GMT
[{"message":"Impossible to deserialize message","messageDetails":"Cannot invoke \"ch.skycell.lora.uplink.dto.UplinkMessageBody.getDecoded_payload()\" because the return value of \"ch.skycell.lora.uplink.dto.LoraUplinkMessage.getUplink_message()\" is null (through reference chain: ch.skycell.lora.uplink.dto.LoraUplinkMessage[\"configuration\"])"}]
15:06:12.194 [pool-1-thread-1] ERROR com.intuit.karate - classpath:resources/steps/task4b.feature:30
Then status 201
status code was: 400, expected: 201, response time in milliseconds: 146, url: https://sensor-data-ingestion.dev.skycell.ch/v1/lora/uplink, response: 
[{"message":"Impossible to deserialize message","messageDetails":"Cannot invoke \"ch.skycell.lora.uplink.dto.UplinkMessageBody.getDecoded_payload()\" because the return value of \"ch.skycell.lora.uplink.dto.LoraUplinkMessage.getUplink_message()\" is null (through reference chain: ch.skycell.lora.uplink.dto.LoraUplinkMessage[\"configuration\"])"}]
classpath:resources/steps/task4b.feature:30
15:06:12.194 [pool-1-thread-1] ERROR com.intuit.karate - classpath:resources/controller.feature:22
* def sensorDataVerification = call read('classpath:resources/steps/task4b.feature')
status code was: 400, expected: 201, response time in milliseconds: 143, url: https://sensor-data-ingestion.dev.skycell.ch/v1/lora/uplink, response: 
[{"message":"Impossible to deserialize message","messageDetails":"Cannot invoke \"ch.skycell.lora.uplink.dto.UplinkMessageBody.getDecoded_payload()\" because the return value of \"ch.skycell.lora.uplink.dto.LoraUplinkMessage.getUplink_message()\" is null (through reference chain: ch.skycell.lora.uplink.dto.LoraUplinkMessage[\"configuration\"])"}]
classpath:resources/steps/task4b.feature:30
status code was: 400, expected: 201, response time in milliseconds: 146, url: https://sensor-data-ingestion.dev.skycell.ch/v1/lora/uplink, response: 
[{"message":"Impossible to deserialize message","messageDetails":"Cannot invoke \"ch.skycell.lora.uplink.dto.UplinkMessageBody.getDecoded_payload()\" because the return value of \"ch.skycell.lora.uplink.dto.LoraUplinkMessage.getUplink_message()\" is null (through reference chain: ch.skycell.lora.uplink.dto.LoraUplinkMessage[\"configuration\"])"}]
classpath:resources/steps/task4b.feature:30
classpath:resources/controller.feature:22
---------------------------------------------------------
feature: classpath:resources/controller.feature
scenarios:  1 | passed:  0 | failed:  1 | time: 1.9062
---------------------------------------------------------

15:06:12.569 [pool-2-thread-1] INFO  com.intuit.karate.Suite - <<fail>> feature 1 of 5 (4 remaining) classpath:resources/controller.feature
---------------------------------------------------------
feature: classpath:resources/steps/task3.feature
scenarios:  2 | passed:  2 | failed:  0 | time: 0.8431
---------------------------------------------------------

15:06:12.637 [pool-2-thread-1] INFO  com.intuit.karate.Suite - <<pass>> feature 3 of 5 (2 remaining) classpath:resources/steps/task3.feature
Karate version: 1.1.0
======================================================
elapsed:   3.11 | threads:    5 | thread time: 2.75 
features:     2 | skipped:    3 | efficiency: 0.18
scenarios:    3 | passed:     2 | failed: 1
======================================================
>>> failed features:
status code was: 400, expected: 201, response time in milliseconds: 143, url: https://sensor-data-ingestion.dev.skycell.ch/v1/lora/uplink, response: 
[{"message":"Impossible to deserialize message","messageDetails":"Cannot invoke \"ch.skycell.lora.uplink.dto.UplinkMessageBody.getDecoded_payload()\" because the return value of \"ch.skycell.lora.uplink.dto.LoraUplinkMessage.getUplink_message()\" is null (through reference chain: ch.skycell.lora.uplink.dto.LoraUplinkMessage[\"configuration\"])"}]
classpath:resources/steps/task4b.feature:30
status code was: 400, expected: 201, response time in milliseconds: 146, url: https://sensor-data-ingestion.dev.skycell.ch/v1/lora/uplink, response: 
[{"message":"Impossible to deserialize message","messageDetails":"Cannot invoke \"ch.skycell.lora.uplink.dto.UplinkMessageBody.getDecoded_payload()\" because the return value of \"ch.skycell.lora.uplink.dto.LoraUplinkMessage.getUplink_message()\" is null (through reference chain: ch.skycell.lora.uplink.dto.LoraUplinkMessage[\"configuration\"])"}]
classpath:resources/steps/task4b.feature:30
classpath:resources/controller.feature:22
<<<

HTML report: (paste into browser to view) | Karate version: 1.1.0
file:///Users/markhughrs/Documents/repos/skycell/target/karate-reports/karate-summary.html
===================================================================

]]></system-out>
    <system-err><![CDATA[Dec 05, 2023 3:06:12 PM net.masterthought.cucumber.ReportParser parseJsonFiles
INFO: File '/Users/markhughrs/Documents/repos/skycell/target/karate-reports/resources.steps.task3.json' contains 1 features
Dec 05, 2023 3:06:12 PM net.masterthought.cucumber.ReportParser parseJsonFiles
INFO: File '/Users/markhughrs/Documents/repos/skycell/target/karate-reports/resources.controller.json' contains 1 features
]]></system-err>
  </testcase>
</testsuite>