<?xml version="1.0" encoding="UTF-8"?>
<testsuite xmlns:xsi="http://www.w3.org/2001/XMLSchema-instance" xsi:noNamespaceSchemaLocation="https://maven.apache.org/surefire/maven-surefire-plugin/xsd/surefire-test-report.xsd" name="resources.TestParallel" time="3.621" tests="1" errors="0" skipped="0" failures="1">
  <properties>
    <property name="java.specification.version" value="17"/>
    <property name="sun.jnu.encoding" value="UTF-8"/>
    <property name="java.class.path" value="/Users/markhughrs/Documents/repos/skycell/target/test-classes:/Users/markhughrs/Documents/repos/skycell/target/classes:/Users/markhughrs/.m2/repository/com/intuit/karate/karate-junit5/1.1.0/karate-junit5-1.1.0.jar:/Users/markhughrs/.m2/repository/com/intuit/karate/karate-core/1.1.0/karate-core-1.1.0.jar:/Users/markhughrs/.m2/repository/org/graalvm/js/js-scriptengine/21.2.0/js-scriptengine-21.2.0.jar:/Users/markhughrs/.m2/repository/org/graalvm/sdk/graal-sdk/21.2.0/graal-sdk-21.2.0.jar:/Users/markhughrs/.m2/repository/org/graalvm/js/js/21.2.0/js-21.2.0.jar:/Users/markhughrs/.m2/repository/org/graalvm/regex/regex/21.2.0/regex-21.2.0.jar:/Users/markhughrs/.m2/repository/org/graalvm/truffle/truffle-api/21.2.0/truffle-api-21.2.0.jar:/Users/markhughrs/.m2/repository/com/ibm/icu/icu4j/69.1/icu4j-69.1.jar:/Users/markhughrs/.m2/repository/ch/qos/logback/logback-classic/1.2.3/logback-classic-1.2.3.jar:/Users/markhughrs/.m2/repository/ch/qos/logback/logback-core/1.2.3/logback-core-1.2.3.jar:/Users/markhughrs/.m2/repository/org/slf4j/jcl-over-slf4j/1.7.25/jcl-over-slf4j-1.7.25.jar:/Users/markhughrs/.m2/repository/com/jayway/jsonpath/json-path/2.6.0/json-path-2.6.0.jar:/Users/markhughrs/.m2/repository/net/minidev/json-smart/2.4.7/json-smart-2.4.7.jar:/Users/markhughrs/.m2/repository/net/minidev/accessors-smart/2.4.7/accessors-smart-2.4.7.jar:/Users/markhughrs/.m2/repository/org/ow2/asm/asm/9.1/asm-9.1.jar:/Users/markhughrs/.m2/repository/info/cukes/cucumber-java/1.2.5/cucumber-java-1.2.5.jar:/Users/markhughrs/.m2/repository/info/cukes/cucumber-core/1.2.5/cucumber-core-1.2.5.jar:/Users/markhughrs/.m2/repository/org/yaml/snakeyaml/1.29/snakeyaml-1.29.jar:/Users/markhughrs/.m2/repository/de/siegmar/fastcsv/2.0.0/fastcsv-2.0.0.jar:/Users/markhughrs/.m2/repository/info/picocli/picocli/4.6.1/picocli-4.6.1.jar:/Users/markhughrs/.m2/repository/org/junit/jupiter/junit-jupiter-api/5.7.2/junit-jupiter-api-5.7.2.jar:/Users/markhughrs/.m2/repository/org/apiguardian/apiguardian-api/1.1.0/apiguardian-api-1.1.0.jar:/Users/markhughrs/.m2/repository/org/opentest4j/opentest4j/1.2.0/opentest4j-1.2.0.jar:/Users/markhughrs/.m2/repository/org/junit/platform/junit-platform-commons/1.7.2/junit-platform-commons-1.7.2.jar:/Users/markhughrs/.m2/repository/org/junit/jupiter/junit-jupiter-engine/5.7.2/junit-jupiter-engine-5.7.2.jar:/Users/markhughrs/.m2/repository/org/junit/platform/junit-platform-engine/1.7.2/junit-platform-engine-1.7.2.jar:/Users/markhughrs/.m2/repository/net/masterthought/cucumber-reporting/5.3.0/cucumber-reporting-5.3.0.jar:/Users/markhughrs/.m2/repository/com/fasterxml/jackson/core/jackson-databind/2.10.1/jackson-databind-2.10.1.jar:/Users/markhughrs/.m2/repository/com/fasterxml/jackson/core/jackson-annotations/2.10.1/jackson-annotations-2.10.1.jar:/Users/markhughrs/.m2/repository/com/fasterxml/jackson/core/jackson-core/2.10.1/jackson-core-2.10.1.jar:/Users/markhughrs/.m2/repository/com/fasterxml/jackson/datatype/jackson-datatype-jsr310/2.10.1/jackson-datatype-jsr310-2.10.1.jar:/Users/markhughrs/.m2/repository/org/apache/velocity/velocity-engine-core/2.1/velocity-engine-core-2.1.jar:/Users/markhughrs/.m2/repository/org/slf4j/slf4j-api/1.7.26/slf4j-api-1.7.26.jar:/Users/markhughrs/.m2/repository/commons-collections/commons-collections/3.2.2/commons-collections-3.2.2.jar:/Users/markhughrs/.m2/repository/joda-time/joda-time/2.10.5/joda-time-2.10.5.jar:/Users/markhughrs/.m2/repository/org/apache/commons/commons-lang3/3.9/commons-lang3-3.9.jar:/Users/markhughrs/.m2/repository/commons-io/commons-io/2.6/commons-io-2.6.jar:/Users/markhughrs/.m2/repository/org/codehaus/plexus/plexus-utils/3.3.0/plexus-utils-3.3.0.jar:/Users/markhughrs/.m2/repository/org/jsoup/jsoup/1.12.1/jsoup-1.12.1.jar:/Users/markhughrs/.m2/repository/com/googlecode/owasp-java-html-sanitizer/owasp-java-html-sanitizer/20191001.1/owasp-java-html-sanitizer-20191001.1.jar:/Users/markhughrs/.m2/repository/com/google/guava/guava/27.1-jre/guava-27.1-jre.jar:/Users/markhughrs/.m2/repository/com/google/guava/failureaccess/1.0.1/failureaccess-1.0.1.jar:/Users/markhughrs/.m2/repository/com/google/guava/listenablefuture/9999.0-empty-to-avoid-conflict-with-guava/listenablefuture-9999.0-empty-to-avoid-conflict-with-guava.jar:/Users/markhughrs/.m2/repository/com/google/code/findbugs/jsr305/3.0.2/jsr305-3.0.2.jar:/Users/markhughrs/.m2/repository/org/checkerframework/checker-qual/2.5.2/checker-qual-2.5.2.jar:/Users/markhughrs/.m2/repository/com/google/errorprone/error_prone_annotations/2.2.0/error_prone_annotations-2.2.0.jar:/Users/markhughrs/.m2/repository/com/google/j2objc/j2objc-annotations/1.1/j2objc-annotations-1.1.jar:/Users/markhughrs/.m2/repository/org/codehaus/mojo/animal-sniffer-annotations/1.17/animal-sniffer-annotations-1.17.jar:/Users/markhughrs/.m2/repository/commons-configuration/commons-configuration/1.10/commons-configuration-1.10.jar:/Users/markhughrs/.m2/repository/commons-lang/commons-lang/2.6/commons-lang-2.6.jar:/Users/markhughrs/.m2/repository/commons-logging/commons-logging/1.1.1/commons-logging-1.1.1.jar:"/>
    <property name="java.vm.vendor" value="Azul Systems, Inc."/>
    <property name="sun.arch.data.model" value="64"/>
    <property name="java.vendor.url" value="http://www.azul.com/"/>
    <property name="os.name" value="Mac OS X"/>
    <property name="java.vm.specification.version" value="17"/>
    <property name="sun.java.launcher" value="SUN_STANDARD"/>
    <property name="user.country" value="IE"/>
    <property name="sun.boot.library.path" value="/Library/Java/JavaVirtualMachines/zulu-17.jdk/Contents/Home/lib"/>
    <property name="sun.java.command" value="/Users/markhughrs/Documents/repos/skycell/target/surefire/surefirebooter15375797258207388937.jar /Users/markhughrs/Documents/repos/skycell/target/surefire 2023-12-05T16-10-44_289-jvmRun1 surefire1476192498248705121tmp surefire_07620831479676288142tmp"/>
    <property name="http.nonProxyHosts" value="local|*.local|169.254/16|*.169.254/16"/>
    <property name="jdk.debug" value="release"/>
    <property name="surefire.test.class.path" value="/Users/markhughrs/Documents/repos/skycell/target/test-classes:/Users/markhughrs/Documents/repos/skycell/target/classes:/Users/markhughrs/.m2/repository/com/intuit/karate/karate-junit5/1.1.0/karate-junit5-1.1.0.jar:/Users/markhughrs/.m2/repository/com/intuit/karate/karate-core/1.1.0/karate-core-1.1.0.jar:/Users/markhughrs/.m2/repository/org/graalvm/js/js-scriptengine/21.2.0/js-scriptengine-21.2.0.jar:/Users/markhughrs/.m2/repository/org/graalvm/sdk/graal-sdk/21.2.0/graal-sdk-21.2.0.jar:/Users/markhughrs/.m2/repository/org/graalvm/js/js/21.2.0/js-21.2.0.jar:/Users/markhughrs/.m2/repository/org/graalvm/regex/regex/21.2.0/regex-21.2.0.jar:/Users/markhughrs/.m2/repository/org/graalvm/truffle/truffle-api/21.2.0/truffle-api-21.2.0.jar:/Users/markhughrs/.m2/repository/com/ibm/icu/icu4j/69.1/icu4j-69.1.jar:/Users/markhughrs/.m2/repository/ch/qos/logback/logback-classic/1.2.3/logback-classic-1.2.3.jar:/Users/markhughrs/.m2/repository/ch/qos/logback/logback-core/1.2.3/logback-core-1.2.3.jar:/Users/markhughrs/.m2/repository/org/slf4j/jcl-over-slf4j/1.7.25/jcl-over-slf4j-1.7.25.jar:/Users/markhughrs/.m2/repository/com/jayway/jsonpath/json-path/2.6.0/json-path-2.6.0.jar:/Users/markhughrs/.m2/repository/net/minidev/json-smart/2.4.7/json-smart-2.4.7.jar:/Users/markhughrs/.m2/repository/net/minidev/accessors-smart/2.4.7/accessors-smart-2.4.7.jar:/Users/markhughrs/.m2/repository/org/ow2/asm/asm/9.1/asm-9.1.jar:/Users/markhughrs/.m2/repository/info/cukes/cucumber-java/1.2.5/cucumber-java-1.2.5.jar:/Users/markhughrs/.m2/repository/info/cukes/cucumber-core/1.2.5/cucumber-core-1.2.5.jar:/Users/markhughrs/.m2/repository/org/yaml/snakeyaml/1.29/snakeyaml-1.29.jar:/Users/markhughrs/.m2/repository/de/siegmar/fastcsv/2.0.0/fastcsv-2.0.0.jar:/Users/markhughrs/.m2/repository/info/picocli/picocli/4.6.1/picocli-4.6.1.jar:/Users/markhughrs/.m2/repository/org/junit/jupiter/junit-jupiter-api/5.7.2/junit-jupiter-api-5.7.2.jar:/Users/markhughrs/.m2/repository/org/apiguardian/apiguardian-api/1.1.0/apiguardian-api-1.1.0.jar:/Users/markhughrs/.m2/repository/org/opentest4j/opentest4j/1.2.0/opentest4j-1.2.0.jar:/Users/markhughrs/.m2/repository/org/junit/platform/junit-platform-commons/1.7.2/junit-platform-commons-1.7.2.jar:/Users/markhughrs/.m2/repository/org/junit/jupiter/junit-jupiter-engine/5.7.2/junit-jupiter-engine-5.7.2.jar:/Users/markhughrs/.m2/repository/org/junit/platform/junit-platform-engine/1.7.2/junit-platform-engine-1.7.2.jar:/Users/markhughrs/.m2/repository/net/masterthought/cucumber-reporting/5.3.0/cucumber-reporting-5.3.0.jar:/Users/markhughrs/.m2/repository/com/fasterxml/jackson/core/jackson-databind/2.10.1/jackson-databind-2.10.1.jar:/Users/markhughrs/.m2/repository/com/fasterxml/jackson/core/jackson-annotations/2.10.1/jackson-annotations-2.10.1.jar:/Users/markhughrs/.m2/repository/com/fasterxml/jackson/core/jackson-core/2.10.1/jackson-core-2.10.1.jar:/Users/markhughrs/.m2/repository/com/fasterxml/jackson/datatype/jackson-datatype-jsr310/2.10.1/jackson-datatype-jsr310-2.10.1.jar:/Users/markhughrs/.m2/repository/org/apache/velocity/velocity-engine-core/2.1/velocity-engine-core-2.1.jar:/Users/markhughrs/.m2/repository/org/slf4j/slf4j-api/1.7.26/slf4j-api-1.7.26.jar:/Users/markhughrs/.m2/repository/commons-collections/commons-collections/3.2.2/commons-collections-3.2.2.jar:/Users/markhughrs/.m2/repository/joda-time/joda-time/2.10.5/joda-time-2.10.5.jar:/Users/markhughrs/.m2/repository/org/apache/commons/commons-lang3/3.9/commons-lang3-3.9.jar:/Users/markhughrs/.m2/repository/commons-io/commons-io/2.6/commons-io-2.6.jar:/Users/markhughrs/.m2/repository/org/codehaus/plexus/plexus-utils/3.3.0/plexus-utils-3.3.0.jar:/Users/markhughrs/.m2/repository/org/jsoup/jsoup/1.12.1/jsoup-1.12.1.jar:/Users/markhughrs/.m2/repository/com/googlecode/owasp-java-html-sanitizer/owasp-java-html-sanitizer/20191001.1/owasp-java-html-sanitizer-20191001.1.jar:/Users/markhughrs/.m2/repository/com/google/guava/guava/27.1-jre/guava-27.1-jre.jar:/Users/markhughrs/.m2/repository/com/google/guava/failureaccess/1.0.1/failureaccess-1.0.1.jar:/Users/markhughrs/.m2/repository/com/google/guava/listenablefuture/9999.0-empty-to-avoid-conflict-with-guava/listenablefuture-9999.0-empty-to-avoid-conflict-with-guava.jar:/Users/markhughrs/.m2/repository/com/google/code/findbugs/jsr305/3.0.2/jsr305-3.0.2.jar:/Users/markhughrs/.m2/repository/org/checkerframework/checker-qual/2.5.2/checker-qual-2.5.2.jar:/Users/markhughrs/.m2/repository/com/google/errorprone/error_prone_annotations/2.2.0/error_prone_annotations-2.2.0.jar:/Users/markhughrs/.m2/repository/com/google/j2objc/j2objc-annotations/1.1/j2objc-annotations-1.1.jar:/Users/markhughrs/.m2/repository/org/codehaus/mojo/animal-sniffer-annotations/1.17/animal-sniffer-annotations-1.17.jar:/Users/markhughrs/.m2/repository/commons-configuration/commons-configuration/1.10/commons-configuration-1.10.jar:/Users/markhughrs/.m2/repository/commons-lang/commons-lang/2.6/commons-lang-2.6.jar:/Users/markhughrs/.m2/repository/commons-logging/commons-logging/1.1.1/commons-logging-1.1.1.jar:"/>
    <property name="sun.cpu.endian" value="little"/>
    <property name="user.home" value="/Users/markhughrs"/>
    <property name="user.language" value="en"/>
    <property name="java.specification.vendor" value="Oracle Corporation"/>
    <property name="java.version.date" value="2023-07-18"/>
    <property name="java.home" value="/Library/Java/JavaVirtualMachines/zulu-17.jdk/Contents/Home"/>
    <property name="file.separator" value="/"/>
    <property name="basedir" value="/Users/markhughrs/Documents/repos/skycell"/>
    <property name="java.vm.compressedOopsMode" value="Zero based"/>
    <property name="line.separator" value="&#10;"/>
    <property name="java.vm.specification.vendor" value="Oracle Corporation"/>
    <property name="java.specification.name" value="Java Platform API Specification"/>
    <property name="karate.options" value="--tags @Controller"/>
    <property name="surefire.real.class.path" value="/Users/markhughrs/Documents/repos/skycell/target/surefire/surefirebooter15375797258207388937.jar"/>
    <property name="sun.management.compiler" value="HotSpot 64-Bit Tiered Compilers"/>
    <property name="ftp.nonProxyHosts" value="local|*.local|169.254/16|*.169.254/16"/>
    <property name="java.runtime.version" value="17.0.8+7-LTS"/>
    <property name="user.name" value="markhughrs"/>
    <property name="path.separator" value=":"/>
    <property name="os.version" value="14.0"/>
    <property name="java.runtime.name" value="OpenJDK Runtime Environment"/>
    <property name="file.encoding" value="UTF-8"/>
    <property name="java.vm.name" value="OpenJDK 64-Bit Server VM"/>
    <property name="java.vendor.version" value="Zulu17.44+15-CA"/>
    <property name="localRepository" value="/Users/markhughrs/.m2/repository"/>
    <property name="java.vendor.url.bug" value="http://www.azul.com/support/"/>
    <property name="java.io.tmpdir" value="/var/folders/k9/98vkgvvs2yqfh6b_8rbfkv1m0000gp/T/"/>
    <property name="java.version" value="17.0.8"/>
    <property name="user.dir" value="/Users/markhughrs/Documents/repos/skycell"/>
    <property name="os.arch" value="aarch64"/>
    <property name="java.vm.specification.name" value="Java Virtual Machine Specification"/>
    <property name="native.encoding" value="UTF-8"/>
    <property name="java.library.path" value="/Users/markhughrs/Library/Java/Extensions:/Library/Java/Extensions:/Network/Library/Java/Extensions:/System/Library/Java/Extensions:/usr/lib/java:."/>
    <property name="java.vm.info" value="mixed mode, sharing"/>
    <property name="java.vendor" value="Azul Systems, Inc."/>
    <property name="java.vm.version" value="17.0.8+7-LTS"/>
    <property name="sun.io.unicode.encoding" value="UnicodeBig"/>
    <property name="socksNonProxyHosts" value="local|*.local|169.254/16|*.169.254/16"/>
    <property name="java.class.version" value="61.0"/>
  </properties>
  <testcase name="testParallel" classname="resources.TestParallel" time="3.618">
    <failure message="status code was: 400, expected: 201, response time in milliseconds: 140, url: https://sensor-data-ingestion.dev.skycell.ch/v1/lora/uplink, response: &#10;[{&quot;message&quot;:&quot;Impossible to deserialize message&quot;,&quot;messageDetails&quot;:&quot;Cannot invoke \&quot;ch.skycell.lora.uplink.dto.UplinkMessageBody.getDecoded_payload()\&quot; because the return value of \&quot;ch.skycell.lora.uplink.dto.LoraUplinkMessage.getUplink_message()\&quot; is null (through reference chain: ch.skycell.lora.uplink.dto.LoraUplinkMessage[\&quot;configuration\&quot;])&quot;}]&#10;classpath:resources/steps/task4b.feature:30&#10;status code was: 400, expected: 201, response time in milliseconds: 147, url: https://sensor-data-ingestion.dev.skycell.ch/v1/lora/uplink, response: &#10;[{&quot;message&quot;:&quot;Impossible to deserialize message&quot;,&quot;messageDetails&quot;:&quot;Cannot invoke \&quot;ch.skycell.lora.uplink.dto.UplinkMessageBody.getDecoded_payload()\&quot; because the return value of \&quot;ch.skycell.lora.uplink.dto.LoraUplinkMessage.getUplink_message()\&quot; is null (through reference chain: ch.skycell.lora.uplink.dto.LoraUplinkMessage[\&quot;configuration\&quot;])&quot;}]&#10;classpath:resources/steps/task4b.feature:30&#10;classpath:resources/controller.feature:22 ==&gt; expected: &lt;0&gt; but was: &lt;1&gt;" type="org.opentest4j.AssertionFailedError"><![CDATA[org.opentest4j.AssertionFailedError: 
status code was: 400, expected: 201, response time in milliseconds: 140, url: https://sensor-data-ingestion.dev.skycell.ch/v1/lora/uplink, response: 
[{"message":"Impossible to deserialize message","messageDetails":"Cannot invoke \"ch.skycell.lora.uplink.dto.UplinkMessageBody.getDecoded_payload()\" because the return value of \"ch.skycell.lora.uplink.dto.LoraUplinkMessage.getUplink_message()\" is null (through reference chain: ch.skycell.lora.uplink.dto.LoraUplinkMessage[\"configuration\"])"}]
classpath:resources/steps/task4b.feature:30
status code was: 400, expected: 201, response time in milliseconds: 147, url: https://sensor-data-ingestion.dev.skycell.ch/v1/lora/uplink, response: 
[{"message":"Impossible to deserialize message","messageDetails":"Cannot invoke \"ch.skycell.lora.uplink.dto.UplinkMessageBody.getDecoded_payload()\" because the return value of \"ch.skycell.lora.uplink.dto.LoraUplinkMessage.getUplink_message()\" is null (through reference chain: ch.skycell.lora.uplink.dto.LoraUplinkMessage[\"configuration\"])"}]
classpath:resources/steps/task4b.feature:30
classpath:resources/controller.feature:22 ==> expected: <0> but was: <1>
	at resources.TestParallel.testParallel(TestParallel.java:23)
]]></failure>
    <system-out><![CDATA[16:10:44.665 [main] INFO  com.intuit.karate.Runner - using system property 'karate.options': --tags @Controller
16:10:44.976 [main] DEBUG com.intuit.karate.Suite - [config] classpath:karate-config.js
16:10:44.979 [main] DEBUG com.intuit.karate.Suite - waiting for 6 features to complete
16:10:45.391 [pool-1-thread-1] INFO  com.intuit.karate - karate.env system property was: null 
16:10:45.607 [pool-1-thread-1] DEBUG com.intuit.karate - request:
1 > POST https://keycloak.dev.skycell.ch/realms/skycell/protocol/openid-connect/token
1 > Content-Type: application/x-www-form-urlencoded
1 > Content-Length: 100
1 > Host: keycloak.dev.skycell.ch
1 > Connection: Keep-Alive
1 > User-Agent: Apache-HttpClient/4.5.13 (Java/17.0.8)
1 > Accept-Encoding: gzip,deflate
client_id=webapp&grant_type=password&username=qa_interview%40skycell.ch&password=Qa_interview2023%21

16:10:45.925 [pool-1-thread-1] DEBUG com.intuit.karate - response time in milliseconds: 317
1 < 200
1 < Cache-Control: no-store
1 < Content-Length: 3773
1 < Content-Type: application/json
1 < Pragma: no-cache
1 < Referrer-Policy: no-referrer
1 < Set-Cookie: KEYCLOAK_LOCALE=; Version=1; Comment=Expiring cookie; Expires=Thu, 01-Jan-1970 00:00:10 GMT; Max-Age=0; Path=/realms/skycell/; Secure; HttpOnly
1 < Set-Cookie: KC_RESTART=; Version=1; Expires=Thu, 01-Jan-1970 00:00:10 GMT; Max-Age=0; Path=/realms/skycell/; Secure; HttpOnly
1 < Strict-Transport-Security: max-age=31536000; includeSubDomains
1 < X-Content-Type-Options: nosniff
1 < X-Frame-Options: SAMEORIGIN
1 < X-Xss-Protection: 1; mode=block
1 < Date: Tue, 05 Dec 2023 16:10:45 GMT
{"access_token":"eyJhbGciOiJSUzI1NiIsInR5cCIgOiAiSldUIiwia2lkIiA6ICJMdXpuc3hrWS15anNLdnFicVotc1ZPS1lWT2FhT1Z5UUFsSTdoSEllWTE0In0.eyJleHAiOjE3MDE4NDMwNDUsImlhdCI6MTcwMTc5MjY0NSwianRpIjoiYjUxY2JiODMtZWZlZi00MmQxLWE3ZjktMGJmMGFlYTg3OTg3IiwiaXNzIjoiaHR0cHM6Ly9rZXljbG9hay5kZXYuc2t5Y2VsbC5jaC9yZWFsbXMvc2t5Y2VsbCIsImF1ZCI6WyJ3ZWJhcHAiLCJkb2N1bWVudC1nZW5lcmF0b3ItbG9jYWwiLCJhY2NvdW50Il0sInN1YiI6ImMwNTZlNTVhLTQ1ZWMtNGRjNi1hMjFmLTMwN2YyN2IyODU3MiIsInR5cCI6IkJlYXJlciIsImF6cCI6IndlYmFwcCIsInNlc3Npb25fc3RhdGUiOiIzOWFjMjRjYy1lNWM5LTQxNzgtYmZjZi00ZGE4NDlhMGU5MDQiLCJhbGxvd2VkLW9yaWdpbnMiOlsiaHR0cHM6Ly9za3luZXQucG9jLnNreWNlbGwuY2giLCJodHRwczovL3NreW1pbmQuZGVtby5za3ljZWxsLmNoIiwiaHR0cHM6Ly9za3luZXQuZGVtby5za3ljZWxsLmNoIiwiaHR0cDovL2xvY2FsaG9zdDo2MDA2IiwiaHR0cHM6Ly9za3ljZW50ZXIuZGVtby5za3ljZWxsLmNoIiwiaHR0cHM6Ly9zZWN1cmUuZGVtby5za3ljZWxsLmNoIiwiaHR0cHM6Ly9za3lwb3J0YWwuZGV2LnNreWNlbGwuY2giLCJodHRwczovL3NreW1pbmQuZGV2LnNreWNlbGwuY2giLCJodHRwczovL3NreWNlbGwtYWcuZ2l0aHViLmlvIiwiaHR0cDovL2xvY2FsaG9zdDo4MTAwIiwiaHR0cDovL2xvY2FsaG9zdDo2MDYwIiwiaHR0cHM6Ly9za3ltaW5kLnRlc3Quc2t5Y2VsbC5jaCIsImh0dHA6Ly9sb2NhbGhvc3Q6ODA4MCIsImh0dHBzOi8va2V5Y2xvYWsuZGV2LnNreWNlbGwuY2giLCJodHRwczovL3NreW5ldC50ZXN0LnNreWNlbGwuY2giLCJodHRwczovL3NreWNlbnRlci50ZXN0LnNreWNlbGwuY2giLCJodHRwczovL3NlY3VyZS5kZXYuc2t5Y2VsbC5jaCIsImh0dHBzOi8vc2VjdXJlLnRlc3Quc2t5Y2VsbC5jaCIsImh0dHBzOi8vc2t5c2hpcG5ldy5kZXYuc2t5Y2VsbC5jaCIsImh0dHBzOi8vc2t5bmV0LmRldi5za3ljZWxsLmNoIiwiaHR0cHM6Ly9za3ltaW5kLnByZS5za3ljZWxsLmNoIiwiaHR0cHM6Ly9za3ljb3JlLnBvYy5za3ljZWxsLmNoIiwiaHR0cDovL2xvY2FsaG9zdCIsImh0dHBzOi8vc2t5c2hpcC5kZW1vLnNreWNlbGwuY2giLCJodHRwOi8vbG9jYWxob3N0OjMwMDEiLCJodHRwOi8vbG9jYWxob3N0OjMwMDAiLCJodHRwczovL3NreWNvcmUuZGVtby5za3ljZWxsLmNoIiwiaHR0cHM6Ly9za3ltaW5kLnBvYy5za3ljZWxsLmNoIiwiaHR0cHM6Ly9kZW1vcGFydG5lcnBvcnRhbC4zc2NhcHBzLmNvbSIsImh0dHBzOi8vc2t5Y2VudGVyLmRldi5za3ljZWxsLmNoIiwiaHR0cHM6Ly9za3lzaGlwLmRldi5za3ljZWxsLmNoIiwiaHR0cHM6Ly9za3ljb3JlLmRldi5za3ljZWxsLmNoIiwiaHR0cHM6Ly9za3lzaGlwLnNreWNlbGwuY2giLCJodHRwczovL3NreWNlbGxwYXJ0bmVycG9ydGFsLjNzY2FwcHMuY29tIl0sInJlc291cmNlX2FjY2VzcyI6eyJhY2NvdW50Ijp7InJvbGVzIjpbIm1hbmFnZS1hY2NvdW50IiwibWFuYWdlLWFjY291bnQtbGlua3MiLCJ2aWV3LXByb2ZpbGUiXX19LCJzY29wZSI6IndlYmFwcCBlbWFpbCBwcm9maWxlIGRvY3VtZW50LWdlbmVyYXRvciIsInNpZCI6IjM5YWMyNGNjLWU1YzktNDE3OC1iZmNmLTRkYTg0OWEwZTkwNCIsImVtYWlsX3ZlcmlmaWVkIjp0cnVlLCJuYW1lIjoiUUEgSW50ZXJ2aWV3IiwicHJlZmVycmVkX3VzZXJuYW1lIjoicWFfaW50ZXJ2aWV3QHNreWNlbGwuY2giLCJnaXZlbl9uYW1lIjoiUUEiLCJmYW1pbHlfbmFtZSI6IkludGVydmlldyIsImVtYWlsIjoicWFfaW50ZXJ2aWV3QHNreWNlbGwuY2gifQ.Kh453g_kA8ePUE6GsiSxebi1qLyDayKy3JGHmfQUa1r6rRicRw3x7zhL2P3gtUmOH5lo-cHq8SmvaLmym0hNaepdvOmVRG88a4FsQH7hTuxcEqVOV-OYOkjYtsVYXpgeanfCF4qky82jtD3lmbdMhbWJGXx2snr1_mLfmhxt093iu-q5dkvNB7t6_r1JEgBF65G_inPQDJbleBU61O1Vu_bCsypSIWyj7cpLi9PIJwocWcCweINlOIenht24h83qxRj-2IeUZuKSLzwyrLy2HZbbzq_zYqU8o0s18CiwdVre1keDUS8OmsREUuxkGvnDZAEAJ7BF90F239leksGR5g","expires_in":50400,"refresh_expires_in":14400,"refresh_token":"eyJhbGciOiJIUzI1NiIsInR5cCIgOiAiSldUIiwia2lkIiA6ICI1N2UxMGU1Yi1hMjg3LTQ1ZWItYWE5My0wOWE3MTI0OGY3Y2UifQ.eyJleHAiOjE3MDE4MDcwNDUsImlhdCI6MTcwMTc5MjY0NSwianRpIjoiY2NkZTljYjQtOTVjZS00Y2ZjLThiYmMtYzE5ZWVjODkxNWQyIiwiaXNzIjoiaHR0cHM6Ly9rZXljbG9hay5kZXYuc2t5Y2VsbC5jaC9yZWFsbXMvc2t5Y2VsbCIsImF1ZCI6Imh0dHBzOi8va2V5Y2xvYWsuZGV2LnNreWNlbGwuY2gvcmVhbG1zL3NreWNlbGwiLCJzdWIiOiJjMDU2ZTU1YS00NWVjLTRkYzYtYTIxZi0zMDdmMjdiMjg1NzIiLCJ0eXAiOiJSZWZyZXNoIiwiYXpwIjoid2ViYXBwIiwic2Vzc2lvbl9zdGF0ZSI6IjM5YWMyNGNjLWU1YzktNDE3OC1iZmNmLTRkYTg0OWEwZTkwNCIsInNjb3BlIjoid2ViYXBwIGVtYWlsIHByb2ZpbGUgZG9jdW1lbnQtZ2VuZXJhdG9yIiwic2lkIjoiMzlhYzI0Y2MtZTVjOS00MTc4LWJmY2YtNGRhODQ5YTBlOTA0In0.E_WvJIMNDbCYl58XP__EE31d8u19zwjF7J0zQdEy3uk","token_type":"Bearer","not-before-policy":1680026173,"session_state":"39ac24cc-e5c9-4178-bfcf-4da849a0e904","scope":"webapp email profile document-generator"}
16:10:45.954 [pool-1-thread-1] DEBUG com.intuit.karate - request:
1 > POST https://sensor-data-ingestion.dev.skycell.ch/v1/lora/uplink
1 > apiKey: NNSXS.RPNRQUVEAQHYIBRJPYB5BMF36VT2E4ZIQWLCO6Y.ZP7FKSYX6J2XO2SRNBPHWQJHIBB5ZWTULHPI27N7C4IMQAKB6QYA
1 > Content-Type: application/json; charset=UTF-8
1 > Content-Length: 664
1 > Host: sensor-data-ingestion.dev.skycell.ch
1 > Connection: Keep-Alive
1 > User-Agent: Apache-HttpClient/4.5.13 (Java/17.0.8)
1 > Accept-Encoding: gzip,deflate
{"end_device_ids":{"device_id":"eui-71977DF7EE1308B","dev_eui":"71977DF7EE1308B"},"received_at":"2023-12-05T16:10:45","uplink_message":{"decoded_payload":{"sensorData":[{"amount":1,"dataPoints":[{"index":10,"temperature":23.1}],"isLogged":0,"type":0,"typeText":"Internal Temperature Sensor"},{"amount":1,"dataPoints":[{"index":20,"voltage":1.3}],"isLogged":0,"type":1,"typeText":"Battery voltage"},{"amount":1,"dataPoints":[{"index":4,"temperature":23.1}],"isLogged":0,"type":3,"typeText":"RTD Temperature Sensor"}]},"rx_metadata":[{"gateway_ids":{"gateway_id":"9c65f94334d8","eui":"9C65F9FFFE4334D8"},"timestamp":39945773,"rssi":-44,"channel_rssi":-44,"snr":5}]}}

16:10:46.125 [pool-1-thread-1] DEBUG com.intuit.karate - response time in milliseconds: 171
1 < 201
1 < Content-Length: 0
1 < Date: Tue, 05 Dec 2023 16:10:46 GMT

16:10:46.133 [pool-1-thread-1] DEBUG com.intuit.karate - request:
1 > POST https://sensor-data-ingestion.dev.skycell.ch/v1/lora/uplink
1 > apiKey: NNSXS.RPNRQUVEAQHYIBRJPYB5BMF36VT2E4ZIQWLCO6Y.ZP7FKSYX6J2XO2SRNBPHWQJHIBB5ZWTULHPI27N7C4IMQAKB6QYA
1 > Content-Type: application/json; charset=UTF-8
1 > Content-Length: 664
1 > Host: sensor-data-ingestion.dev.skycell.ch
1 > Connection: Keep-Alive
1 > User-Agent: Apache-HttpClient/4.5.13 (Java/17.0.8)
1 > Accept-Encoding: gzip,deflate
{"end_device_ids":{"device_id":"eui-71977DF7EE1308B","dev_eui":"71977DF7EE1308B"},"received_at":"2023-12-05T16:20:45","uplink_message":{"decoded_payload":{"sensorData":[{"amount":1,"dataPoints":[{"index":10,"temperature":23.1}],"isLogged":0,"type":0,"typeText":"Internal Temperature Sensor"},{"amount":1,"dataPoints":[{"index":20,"voltage":1.3}],"isLogged":0,"type":1,"typeText":"Battery voltage"},{"amount":1,"dataPoints":[{"index":4,"temperature":23.1}],"isLogged":0,"type":3,"typeText":"RTD Temperature Sensor"}]},"rx_metadata":[{"gateway_ids":{"gateway_id":"9c65f94334d8","eui":"9C65F9FFFE4334D8"},"timestamp":39945773,"rssi":-44,"channel_rssi":-44,"snr":5}]}}

16:10:46.284 [pool-1-thread-1] DEBUG com.intuit.karate - response time in milliseconds: 151
1 < 201
1 < Content-Length: 0
1 < Date: Tue, 05 Dec 2023 16:10:46 GMT

16:10:46.291 [pool-1-thread-1] DEBUG com.intuit.karate - request:
1 > POST https://sensor-data-ingestion.dev.skycell.ch/v1/lora/uplink
1 > apiKey: NNSXS.RPNRQUVEAQHYIBRJPYB5BMF36VT2E4ZIQWLCO6Y.ZP7FKSYX6J2XO2SRNBPHWQJHIBB5ZWTULHPI27N7C4IMQAKB6QYA
1 > Content-Type: application/json; charset=UTF-8
1 > Content-Length: 664
1 > Host: sensor-data-ingestion.dev.skycell.ch
1 > Connection: Keep-Alive
1 > User-Agent: Apache-HttpClient/4.5.13 (Java/17.0.8)
1 > Accept-Encoding: gzip,deflate
{"end_device_ids":{"device_id":"eui-71977DF7EE1308B","dev_eui":"71977DF7EE1308B"},"received_at":"2023-12-05T16:30:45","uplink_message":{"decoded_payload":{"sensorData":[{"amount":1,"dataPoints":[{"index":10,"temperature":23.1}],"isLogged":0,"type":0,"typeText":"Internal Temperature Sensor"},{"amount":1,"dataPoints":[{"index":20,"voltage":1.3}],"isLogged":0,"type":1,"typeText":"Battery voltage"},{"amount":1,"dataPoints":[{"index":4,"temperature":23.1}],"isLogged":0,"type":3,"typeText":"RTD Temperature Sensor"}]},"rx_metadata":[{"gateway_ids":{"gateway_id":"9c65f94334d8","eui":"9C65F9FFFE4334D8"},"timestamp":39945773,"rssi":-44,"channel_rssi":-44,"snr":5}]}}

16:10:46.477 [pool-1-thread-1] DEBUG com.intuit.karate - response time in milliseconds: 186
1 < 201
1 < Content-Length: 0
1 < Date: Tue, 05 Dec 2023 16:10:46 GMT

16:10:46.485 [pool-1-thread-1] DEBUG com.intuit.karate - request:
1 > POST https://sensor-data-ingestion.dev.skycell.ch/v1/lora/uplink
1 > apiKey: NNSXS.RPNRQUVEAQHYIBRJPYB5BMF36VT2E4ZIQWLCO6Y.ZP7FKSYX6J2XO2SRNBPHWQJHIBB5ZWTULHPI27N7C4IMQAKB6QYA
1 > Content-Type: application/json; charset=UTF-8
1 > Content-Length: 664
1 > Host: sensor-data-ingestion.dev.skycell.ch
1 > Connection: Keep-Alive
1 > User-Agent: Apache-HttpClient/4.5.13 (Java/17.0.8)
1 > Accept-Encoding: gzip,deflate
{"end_device_ids":{"device_id":"eui-71977DF7EE1308B","dev_eui":"71977DF7EE1308B"},"received_at":"2023-12-05T16:40:45","uplink_message":{"decoded_payload":{"sensorData":[{"amount":1,"dataPoints":[{"index":10,"temperature":23.1}],"isLogged":0,"type":0,"typeText":"Internal Temperature Sensor"},{"amount":1,"dataPoints":[{"index":20,"voltage":1.3}],"isLogged":0,"type":1,"typeText":"Battery voltage"},{"amount":1,"dataPoints":[{"index":4,"temperature":23.1}],"isLogged":0,"type":3,"typeText":"RTD Temperature Sensor"}]},"rx_metadata":[{"gateway_ids":{"gateway_id":"9c65f94334d8","eui":"9C65F9FFFE4334D8"},"timestamp":39945773,"rssi":-44,"channel_rssi":-44,"snr":5}]}}

16:10:46.640 [pool-1-thread-1] DEBUG com.intuit.karate - response time in milliseconds: 154
1 < 201
1 < Content-Length: 0
1 < Date: Tue, 05 Dec 2023 16:10:46 GMT

16:10:46.647 [pool-1-thread-1] DEBUG com.intuit.karate - request:
1 > POST https://sensor-data-ingestion.dev.skycell.ch/v1/lora/uplink
1 > apiKey: NNSXS.RPNRQUVEAQHYIBRJPYB5BMF36VT2E4ZIQWLCO6Y.ZP7FKSYX6J2XO2SRNBPHWQJHIBB5ZWTULHPI27N7C4IMQAKB6QYA
1 > Content-Type: application/json; charset=UTF-8
1 > Content-Length: 664
1 > Host: sensor-data-ingestion.dev.skycell.ch
1 > Connection: Keep-Alive
1 > User-Agent: Apache-HttpClient/4.5.13 (Java/17.0.8)
1 > Accept-Encoding: gzip,deflate
{"end_device_ids":{"device_id":"eui-71977DF7EE1308B","dev_eui":"71977DF7EE1308B"},"received_at":"2023-12-05T16:50:45","uplink_message":{"decoded_payload":{"sensorData":[{"amount":1,"dataPoints":[{"index":10,"temperature":23.1}],"isLogged":0,"type":0,"typeText":"Internal Temperature Sensor"},{"amount":1,"dataPoints":[{"index":20,"voltage":1.3}],"isLogged":0,"type":1,"typeText":"Battery voltage"},{"amount":1,"dataPoints":[{"index":4,"temperature":23.1}],"isLogged":0,"type":3,"typeText":"RTD Temperature Sensor"}]},"rx_metadata":[{"gateway_ids":{"gateway_id":"9c65f94334d8","eui":"9C65F9FFFE4334D8"},"timestamp":39945773,"rssi":-44,"channel_rssi":-44,"snr":5}]}}

16:10:46.799 [pool-1-thread-1] DEBUG com.intuit.karate - response time in milliseconds: 152
1 < 201
1 < Content-Length: 0
1 < Date: Tue, 05 Dec 2023 16:10:46 GMT

16:10:46.806 [pool-1-thread-1] DEBUG com.intuit.karate - request:
1 > POST https://sensor-data-ingestion.dev.skycell.ch/v1/lora/uplink
1 > apiKey: NNSXS.RPNRQUVEAQHYIBRJPYB5BMF36VT2E4ZIQWLCO6Y.ZP7FKSYX6J2XO2SRNBPHWQJHIBB5ZWTULHPI27N7C4IMQAKB6QYA
1 > Content-Type: application/json; charset=UTF-8
1 > Content-Length: 664
1 > Host: sensor-data-ingestion.dev.skycell.ch
1 > Connection: Keep-Alive
1 > User-Agent: Apache-HttpClient/4.5.13 (Java/17.0.8)
1 > Accept-Encoding: gzip,deflate
{"end_device_ids":{"device_id":"eui-71977DF7EE1308B","dev_eui":"71977DF7EE1308B"},"received_at":"2023-12-05T17:00:45","uplink_message":{"decoded_payload":{"sensorData":[{"amount":1,"dataPoints":[{"index":10,"temperature":23.1}],"isLogged":0,"type":0,"typeText":"Internal Temperature Sensor"},{"amount":1,"dataPoints":[{"index":20,"voltage":1.3}],"isLogged":0,"type":1,"typeText":"Battery voltage"},{"amount":1,"dataPoints":[{"index":4,"temperature":23.1}],"isLogged":0,"type":3,"typeText":"RTD Temperature Sensor"}]},"rx_metadata":[{"gateway_ids":{"gateway_id":"9c65f94334d8","eui":"9C65F9FFFE4334D8"},"timestamp":39945773,"rssi":-44,"channel_rssi":-44,"snr":5}]}}

16:10:46.960 [pool-1-thread-1] DEBUG com.intuit.karate - response time in milliseconds: 153
1 < 201
1 < Content-Length: 0
1 < Date: Tue, 05 Dec 2023 16:10:47 GMT

16:10:46.968 [pool-1-thread-1] DEBUG com.intuit.karate - request:
1 > POST https://sensor-data-ingestion.dev.skycell.ch/v1/lora/uplink
1 > apiKey: NNSXS.RPNRQUVEAQHYIBRJPYB5BMF36VT2E4ZIQWLCO6Y.ZP7FKSYX6J2XO2SRNBPHWQJHIBB5ZWTULHPI27N7C4IMQAKB6QYA
1 > Content-Type: application/json; charset=UTF-8
1 > Content-Length: 664
1 > Host: sensor-data-ingestion.dev.skycell.ch
1 > Connection: Keep-Alive
1 > User-Agent: Apache-HttpClient/4.5.13 (Java/17.0.8)
1 > Accept-Encoding: gzip,deflate
{"end_device_ids":{"device_id":"eui-71977DF7EE1308B","dev_eui":"71977DF7EE1308B"},"received_at":"2023-12-05T17:10:45","uplink_message":{"decoded_payload":{"sensorData":[{"amount":1,"dataPoints":[{"index":10,"temperature":23.1}],"isLogged":0,"type":0,"typeText":"Internal Temperature Sensor"},{"amount":1,"dataPoints":[{"index":20,"voltage":1.3}],"isLogged":0,"type":1,"typeText":"Battery voltage"},{"amount":1,"dataPoints":[{"index":4,"temperature":23.1}],"isLogged":0,"type":3,"typeText":"RTD Temperature Sensor"}]},"rx_metadata":[{"gateway_ids":{"gateway_id":"9c65f94334d8","eui":"9C65F9FFFE4334D8"},"timestamp":39945773,"rssi":-44,"channel_rssi":-44,"snr":5}]}}

16:10:47.120 [pool-1-thread-1] DEBUG com.intuit.karate - response time in milliseconds: 151
1 < 201
1 < Content-Length: 0
1 < Date: Tue, 05 Dec 2023 16:10:47 GMT

16:10:47.130 [pool-1-thread-1] DEBUG com.intuit.karate - request:
1 > POST https://sensor-data-ingestion.dev.skycell.ch/v1/lora/uplink
1 > apiKey: NNSXS.RPNRQUVEAQHYIBRJPYB5BMF36VT2E4ZIQWLCO6Y.ZP7FKSYX6J2XO2SRNBPHWQJHIBB5ZWTULHPI27N7C4IMQAKB6QYA
1 > Content-Type: application/json; charset=UTF-8
1 > Content-Length: 218
1 > Host: sensor-data-ingestion.dev.skycell.ch
1 > Connection: Keep-Alive
1 > User-Agent: Apache-HttpClient/4.5.13 (Java/17.0.8)
1 > Accept-Encoding: gzip,deflate
{"useStandardizedTimestamps":false,"from":"2023-12-05T16:10:45","to":"2023-12-05T17:10:45","loggers":[{"loggerNumber":"71977DF7EE1308B","loggerType":"MR_810T"}],"dataTypes":["TEMPERATURE"],"sensorCodes":["INTEGRATED"]}

16:10:47.270 [pool-1-thread-1] DEBUG com.intuit.karate - response time in milliseconds: 140
1 < 400
1 < Content-Length: 348
1 < Content-Type: application/json
1 < Date: Tue, 05 Dec 2023 16:10:47 GMT
[{"message":"Impossible to deserialize message","messageDetails":"Cannot invoke \"ch.skycell.lora.uplink.dto.UplinkMessageBody.getDecoded_payload()\" because the return value of \"ch.skycell.lora.uplink.dto.LoraUplinkMessage.getUplink_message()\" is null (through reference chain: ch.skycell.lora.uplink.dto.LoraUplinkMessage[\"configuration\"])"}]
16:10:47.271 [pool-1-thread-1] ERROR com.intuit.karate - classpath:resources/steps/task4b.feature:30
Then status 201
status code was: 400, expected: 201, response time in milliseconds: 140, url: https://sensor-data-ingestion.dev.skycell.ch/v1/lora/uplink, response: 
[{"message":"Impossible to deserialize message","messageDetails":"Cannot invoke \"ch.skycell.lora.uplink.dto.UplinkMessageBody.getDecoded_payload()\" because the return value of \"ch.skycell.lora.uplink.dto.LoraUplinkMessage.getUplink_message()\" is null (through reference chain: ch.skycell.lora.uplink.dto.LoraUplinkMessage[\"configuration\"])"}]
classpath:resources/steps/task4b.feature:30
16:10:47.275 [pool-1-thread-1] DEBUG com.intuit.karate - request:
1 > POST https://sensor-data-ingestion.dev.skycell.ch/v1/lora/uplink
1 > apiKey: NNSXS.RPNRQUVEAQHYIBRJPYB5BMF36VT2E4ZIQWLCO6Y.ZP7FKSYX6J2XO2SRNBPHWQJHIBB5ZWTULHPI27N7C4IMQAKB6QYA
1 > Content-Type: application/json; charset=UTF-8
1 > Content-Length: 227
1 > Host: sensor-data-ingestion.dev.skycell.ch
1 > Connection: Keep-Alive
1 > User-Agent: Apache-HttpClient/4.5.13 (Java/17.0.8)
1 > Accept-Encoding: gzip,deflate
{"useStandardizedTimestamps":false,"from":"2023-12-05T16:10:45","to":"2023-12-05T17:10:45","loggers":[{"loggerNumber":"71977DF7EE1308B","loggerType":"MR_810T"}],"dataTypes":["BATTERY_VOLTAGE"],"sensorCodes":["BATTERY_VOLTAGE"]}

16:10:47.422 [pool-1-thread-1] DEBUG com.intuit.karate - response time in milliseconds: 147
1 < 400
1 < Content-Length: 348
1 < Content-Type: application/json
1 < Date: Tue, 05 Dec 2023 16:10:47 GMT
[{"message":"Impossible to deserialize message","messageDetails":"Cannot invoke \"ch.skycell.lora.uplink.dto.UplinkMessageBody.getDecoded_payload()\" because the return value of \"ch.skycell.lora.uplink.dto.LoraUplinkMessage.getUplink_message()\" is null (through reference chain: ch.skycell.lora.uplink.dto.LoraUplinkMessage[\"configuration\"])"}]
16:10:47.423 [pool-1-thread-1] ERROR com.intuit.karate - classpath:resources/steps/task4b.feature:30
Then status 201
status code was: 400, expected: 201, response time in milliseconds: 147, url: https://sensor-data-ingestion.dev.skycell.ch/v1/lora/uplink, response: 
[{"message":"Impossible to deserialize message","messageDetails":"Cannot invoke \"ch.skycell.lora.uplink.dto.UplinkMessageBody.getDecoded_payload()\" because the return value of \"ch.skycell.lora.uplink.dto.LoraUplinkMessage.getUplink_message()\" is null (through reference chain: ch.skycell.lora.uplink.dto.LoraUplinkMessage[\"configuration\"])"}]
classpath:resources/steps/task4b.feature:30
16:10:47.424 [pool-1-thread-1] ERROR com.intuit.karate - classpath:resources/controller.feature:22
* def sensorDataVerification = call read('classpath:resources/steps/task4b.feature')
status code was: 400, expected: 201, response time in milliseconds: 140, url: https://sensor-data-ingestion.dev.skycell.ch/v1/lora/uplink, response: 
[{"message":"Impossible to deserialize message","messageDetails":"Cannot invoke \"ch.skycell.lora.uplink.dto.UplinkMessageBody.getDecoded_payload()\" because the return value of \"ch.skycell.lora.uplink.dto.LoraUplinkMessage.getUplink_message()\" is null (through reference chain: ch.skycell.lora.uplink.dto.LoraUplinkMessage[\"configuration\"])"}]
classpath:resources/steps/task4b.feature:30
status code was: 400, expected: 201, response time in milliseconds: 147, url: https://sensor-data-ingestion.dev.skycell.ch/v1/lora/uplink, response: 
[{"message":"Impossible to deserialize message","messageDetails":"Cannot invoke \"ch.skycell.lora.uplink.dto.UplinkMessageBody.getDecoded_payload()\" because the return value of \"ch.skycell.lora.uplink.dto.LoraUplinkMessage.getUplink_message()\" is null (through reference chain: ch.skycell.lora.uplink.dto.LoraUplinkMessage[\"configuration\"])"}]
classpath:resources/steps/task4b.feature:30
classpath:resources/controller.feature:22
---------------------------------------------------------
feature: classpath:resources/controller.feature
scenarios:  1 | passed:  0 | failed:  1 | time: 2.0182
---------------------------------------------------------

16:10:47.783 [pool-2-thread-1] INFO  com.intuit.karate.Suite - <<fail>> feature 1 of 6 (5 remaining) classpath:resources/controller.feature
Karate version: 1.1.0
======================================================
elapsed:   3.17 | threads:    5 | thread time: 2.02 
features:     1 | skipped:    5 | efficiency: 0.13
scenarios:    1 | passed:     0 | failed: 1
======================================================
>>> failed features:
status code was: 400, expected: 201, response time in milliseconds: 140, url: https://sensor-data-ingestion.dev.skycell.ch/v1/lora/uplink, response: 
[{"message":"Impossible to deserialize message","messageDetails":"Cannot invoke \"ch.skycell.lora.uplink.dto.UplinkMessageBody.getDecoded_payload()\" because the return value of \"ch.skycell.lora.uplink.dto.LoraUplinkMessage.getUplink_message()\" is null (through reference chain: ch.skycell.lora.uplink.dto.LoraUplinkMessage[\"configuration\"])"}]
classpath:resources/steps/task4b.feature:30
status code was: 400, expected: 201, response time in milliseconds: 147, url: https://sensor-data-ingestion.dev.skycell.ch/v1/lora/uplink, response: 
[{"message":"Impossible to deserialize message","messageDetails":"Cannot invoke \"ch.skycell.lora.uplink.dto.UplinkMessageBody.getDecoded_payload()\" because the return value of \"ch.skycell.lora.uplink.dto.LoraUplinkMessage.getUplink_message()\" is null (through reference chain: ch.skycell.lora.uplink.dto.LoraUplinkMessage[\"configuration\"])"}]
classpath:resources/steps/task4b.feature:30
classpath:resources/controller.feature:22
<<<

HTML report: (paste into browser to view) | Karate version: 1.1.0
file:///Users/markhughrs/Documents/repos/skycell/target/karate-reports/karate-summary.html
===================================================================

]]></system-out>
    <system-err><![CDATA[Dec 05, 2023 4:10:47 PM net.masterthought.cucumber.ReportParser parseJsonFiles
INFO: File '/Users/markhughrs/Documents/repos/skycell/target/karate-reports/resources.controller.json' contains 1 features
]]></system-err>
  </testcase>
</testsuite>